\BOOKMARK [1][-]{section.1}{\376\377\000E\000m\000e\000r\000g\000e\000n\000t\000\040\000B\000e\000h\000a\000v\000i\000o\000u\000r\000:\000\040\000G\000r\000e\000y\000\040\000W\000a\000l\000t\000e\000r\000'\000s\000\040\000T\000o\000r\000t\000o\000i\000s\000e\000s}{}% 1
\BOOKMARK [2][-]{subsection.1.1}{\376\377\000T\000h\000e\000\040\000M\000a\000c\000h\000i\000n\000a\000\040\000S\000p\000e\000c\000u\000l\000a\000t\000r\000i\000x}{section.1}% 2
\BOOKMARK [2][-]{subsection.1.2}{\376\377\000I\000m\000p\000l\000i\000c\000a\000t\000i\000o\000n\000s\000\040\000f\000o\000r\000\040\000C\000o\000m\000p\000l\000e\000x\000\040\000S\000y\000s\000t\000e\000m\000s}{section.1}% 3
\BOOKMARK [1][-]{section.2}{\376\377\000S\000c\000r\000u\000m\000:\000\040\000H\000a\000r\000n\000e\000s\000s\000i\000n\000g\000\040\000C\000o\000m\000p\000l\000e\000x\000i\000t\000y}{}% 4
\BOOKMARK [2][-]{subsection.2.1}{\376\377\000H\000i\000s\000t\000o\000r\000i\000c\000a\000l\000\040\000C\000o\000n\000t\000e\000x\000t}{section.2}% 5
\BOOKMARK [2][-]{subsection.2.2}{\376\377\000S\000c\000r\000u\000m\000\040\000P\000r\000i\000n\000c\000i\000p\000l\000e\000s}{section.2}% 6
\BOOKMARK [1][-]{section.3}{\376\377\000T\000h\000e\000\040\000A\000g\000i\000l\000e\000\040\000M\000a\000n\000i\000f\000e\000s\000t\000o}{}% 7
\BOOKMARK [2][-]{subsection.3.1}{\376\377\000T\000h\000e\000\040\000T\000w\000e\000l\000v\000e\000\040\000P\000r\000i\000n\000c\000i\000p\000l\000e\000s}{section.3}% 8
\BOOKMARK [1][-]{section.4}{\376\377\000T\000h\000e\000\040\000S\000c\000r\000u\000m\000\040\000F\000r\000a\000m\000e\000w\000o\000r\000k}{}% 9
\BOOKMARK [2][-]{subsection.4.1}{\376\377\000S\000c\000r\000u\000m\000\040\000R\000o\000l\000e\000s}{section.4}% 10
\BOOKMARK [3][-]{subsubsection.4.1.1}{\376\377\000P\000r\000o\000d\000u\000c\000t\000\040\000O\000w\000n\000e\000r}{subsection.4.1}% 11
\BOOKMARK [3][-]{subsubsection.4.1.2}{\376\377\000S\000c\000r\000u\000m\000\040\000M\000a\000s\000t\000e\000r}{subsection.4.1}% 12
\BOOKMARK [3][-]{subsubsection.4.1.3}{\376\377\000D\000e\000v\000e\000l\000o\000p\000m\000e\000n\000t\000\040\000T\000e\000a\000m}{subsection.4.1}% 13
\BOOKMARK [2][-]{subsection.4.2}{\376\377\000S\000c\000r\000u\000m\000\040\000E\000v\000e\000n\000t\000s}{section.4}% 14
\BOOKMARK [3][-]{subsubsection.4.2.1}{\376\377\000T\000h\000e\000\040\000S\000p\000r\000i\000n\000t}{subsection.4.2}% 15
\BOOKMARK [3][-]{subsubsection.4.2.2}{\376\377\000S\000p\000r\000i\000n\000t\000\040\000P\000l\000a\000n\000n\000i\000n\000g}{subsection.4.2}% 16
\BOOKMARK [3][-]{subsubsection.4.2.3}{\376\377\000D\000a\000i\000l\000y\000\040\000S\000c\000r\000u\000m}{subsection.4.2}% 17
\BOOKMARK [3][-]{subsubsection.4.2.4}{\376\377\000S\000p\000r\000i\000n\000t\000\040\000R\000e\000v\000i\000e\000w}{subsection.4.2}% 18
\BOOKMARK [3][-]{subsubsection.4.2.5}{\376\377\000S\000p\000r\000i\000n\000t\000\040\000R\000e\000t\000r\000o\000s\000p\000e\000c\000t\000i\000v\000e}{subsection.4.2}% 19
\BOOKMARK [2][-]{subsection.4.3}{\376\377\000S\000c\000r\000u\000m\000\040\000A\000r\000t\000e\000f\000a\000c\000t\000s}{section.4}% 20
\BOOKMARK [3][-]{subsubsection.4.3.1}{\376\377\000P\000r\000o\000d\000u\000c\000t\000\040\000B\000a\000c\000k\000l\000o\000g}{subsection.4.3}% 21
\BOOKMARK [3][-]{subsubsection.4.3.2}{\376\377\000S\000p\000r\000i\000n\000t\000\040\000B\000a\000c\000k\000l\000o\000g}{subsection.4.3}% 22
\BOOKMARK [3][-]{subsubsection.4.3.3}{\376\377\000P\000r\000o\000d\000u\000c\000t\000\040\000I\000n\000c\000r\000e\000m\000e\000n\000t}{subsection.4.3}% 23
\BOOKMARK [1][-]{section.5}{\376\377\000W\000h\000y\000\040\000T\000h\000i\000s\000\040\000M\000a\000t\000t\000e\000r\000s\000\040\000f\000o\000r\000\040\000D\000a\000t\000a\000\040\000S\000t\000r\000u\000c\000t\000u\000r\000e\000s\000\040\000a\000n\000d\000\040\000A\000l\000g\000o\000r\000i\000t\000h\000m\000s}{}% 24
\BOOKMARK [2][-]{subsection.5.1}{\376\377\000A\000l\000g\000o\000r\000i\000t\000h\000m\000s\000\040\000E\000x\000i\000s\000t\000\040\000i\000n\000\040\000C\000o\000n\000t\000e\000x\000t}{section.5}% 25
\BOOKMARK [2][-]{subsection.5.2}{\376\377\000I\000t\000e\000r\000a\000t\000i\000v\000e\000\040\000P\000r\000o\000b\000l\000e\000m\000-\000S\000o\000l\000v\000i\000n\000g}{section.5}% 26
\BOOKMARK [2][-]{subsection.5.3}{\376\377\000M\000a\000n\000a\000g\000i\000n\000g\000\040\000C\000o\000m\000p\000l\000e\000x\000i\000t\000y}{section.5}% 27
\BOOKMARK [1][-]{section.6}{\376\377\000I\000n\000t\000r\000o\000d\000u\000c\000t\000i\000o\000n\000\040\000t\000o\000\040\000C\000o\000m\000p\000u\000t\000i\000n\000g}{}% 28
\BOOKMARK [1][-]{section.7}{\376\377\000W\000h\000a\000t\000\040\000i\000s\000\040\000a\000\040\000C\000o\000m\000p\000u\000t\000e\000r\000?}{}% 29
\BOOKMARK [2][-]{subsection.7.1}{\376\377\000B\000i\000t\000s\000:\000\040\000T\000h\000e\000\040\000F\000u\000n\000d\000a\000m\000e\000n\000t\000a\000l\000\040\000U\000n\000i\000t}{section.7}% 30
\BOOKMARK [2][-]{subsection.7.2}{\376\377\000L\000o\000g\000i\000c\000\040\000G\000a\000t\000e\000s}{section.7}% 31
\BOOKMARK [3][-]{subsubsection.7.2.1}{\376\377\000T\000h\000e\000\040\000N\000A\000N\000D\000\040\000G\000a\000t\000e\000:\000\040\000A\000\040\000U\000n\000i\000v\000e\000r\000s\000a\000l\000\040\000B\000u\000i\000l\000d\000i\000n\000g\000\040\000B\000l\000o\000c\000k}{subsection.7.2}% 32
\BOOKMARK [1][-]{section.8}{\376\377\000H\000e\000x\000a\000d\000e\000c\000i\000m\000a\000l\000\040\000N\000o\000t\000a\000t\000i\000o\000n}{}% 33
\BOOKMARK [2][-]{subsection.8.1}{\376\377\000C\000o\000n\000v\000e\000r\000s\000i\000o\000n\000\040\000R\000e\000f\000e\000r\000e\000n\000c\000e}{section.8}% 34
\BOOKMARK [2][-]{subsection.8.2}{\376\377\000C\000o\000n\000v\000e\000r\000s\000i\000o\000n\000\040\000P\000r\000o\000c\000e\000d\000u\000r\000e\000s}{section.8}% 35
\BOOKMARK [3][-]{subsubsection.8.2.1}{\376\377\000H\000e\000x\000a\000d\000e\000c\000i\000m\000a\000l\000\040\000t\000o\000\040\000B\000i\000n\000a\000r\000y}{subsection.8.2}% 36
\BOOKMARK [3][-]{subsubsection.8.2.2}{\376\377\000B\000i\000n\000a\000r\000y\000\040\000t\000o\000\040\000H\000e\000x\000a\000d\000e\000c\000i\000m\000a\000l}{subsection.8.2}% 37
\BOOKMARK [3][-]{subsubsection.8.2.3}{\376\377\000H\000e\000x\000a\000d\000e\000c\000i\000m\000a\000l\000\040\000t\000o\000\040\000D\000e\000c\000i\000m\000a\000l}{subsection.8.2}% 38
\BOOKMARK [1][-]{section.9}{\376\377\000M\000e\000m\000o\000r\000y}{}% 39
\BOOKMARK [2][-]{subsection.9.1}{\376\377\000F\000l\000i\000p\000-\000F\000l\000o\000p\000s\000:\000\040\000T\000h\000e\000\040\000B\000a\000s\000i\000s\000\040\000o\000f\000\040\000M\000e\000m\000o\000r\000y}{section.9}% 40
\BOOKMARK [2][-]{subsection.9.2}{\376\377\000R\000a\000n\000d\000o\000m\000\040\000A\000c\000c\000e\000s\000s\000\040\000M\000e\000m\000o\000r\000y\000\040\000\050\000R\000A\000M\000\051}{section.9}% 41
\BOOKMARK [2][-]{subsection.9.3}{\376\377\000M\000e\000m\000o\000r\000y\000\040\000U\000n\000i\000t\000s\000\040\000a\000n\000d\000\040\000A\000d\000d\000r\000e\000s\000s\000i\000n\000g}{section.9}% 42
\BOOKMARK [2][-]{subsection.9.4}{\376\377\000M\000e\000m\000o\000r\000y\000\040\000A\000d\000d\000r\000e\000s\000s\000i\000n\000g}{section.9}% 43
\BOOKMARK [1][-]{section.10}{\376\377\000D\000a\000t\000a\000\040\000R\000e\000p\000r\000e\000s\000e\000n\000t\000a\000t\000i\000o\000n}{}% 44
\BOOKMARK [2][-]{subsection.10.1}{\376\377\000T\000e\000x\000t\000\040\000R\000e\000p\000r\000e\000s\000e\000n\000t\000a\000t\000i\000o\000n}{section.10}% 45
\BOOKMARK [3][-]{subsubsection.10.1.1}{\376\377\000A\000S\000C\000I\000I\000\040\000\050\000A\000m\000e\000r\000i\000c\000a\000n\000\040\000S\000t\000a\000n\000d\000a\000r\000d\000\040\000C\000o\000d\000e\000\040\000f\000o\000r\000\040\000I\000n\000f\000o\000r\000m\000a\000t\000i\000o\000n\000\040\000I\000n\000t\000e\000r\000c\000h\000a\000n\000g\000e\000\051}{subsection.10.1}% 46
\BOOKMARK [3][-]{subsubsection.10.1.2}{\376\377\000U\000n\000i\000c\000o\000d\000e}{subsection.10.1}% 47
\BOOKMARK [2][-]{subsection.10.2}{\376\377\000I\000n\000t\000e\000g\000e\000r\000\040\000R\000e\000p\000r\000e\000s\000e\000n\000t\000a\000t\000i\000o\000n}{section.10}% 48
\BOOKMARK [3][-]{subsubsection.10.2.1}{\376\377\000U\000n\000s\000i\000g\000n\000e\000d\000\040\000B\000i\000n\000a\000r\000y\000\040\000I\000n\000t\000e\000g\000e\000r\000s}{subsection.10.2}% 49
\BOOKMARK [3][-]{subsubsection.10.2.2}{\376\377\000T\000w\000o\000'\000s\000\040\000C\000o\000m\000p\000l\000e\000m\000e\000n\000t\000\040\000f\000o\000r\000\040\000S\000i\000g\000n\000e\000d\000\040\000I\000n\000t\000e\000g\000e\000r\000s}{subsection.10.2}% 50
\BOOKMARK [3][-]{subsubsection.10.2.3}{\376\377\000E\000x\000c\000e\000s\000s\000-\000K\000\040\000\050\000B\000i\000a\000s\000e\000d\000\051\000\040\000N\000o\000t\000a\000t\000i\000o\000n}{subsection.10.2}% 51
\BOOKMARK [1][-]{section.11}{\376\377\000B\000i\000n\000a\000r\000y\000\040\000A\000r\000i\000t\000h\000m\000e\000t\000i\000c}{}% 52
\BOOKMARK [2][-]{subsection.11.1}{\376\377\000B\000i\000n\000a\000r\000y\000\040\000A\000d\000d\000i\000t\000i\000o\000n}{section.11}% 53
\BOOKMARK [2][-]{subsection.11.2}{\376\377\000B\000i\000n\000a\000r\000y\000\040\000S\000u\000b\000t\000r\000a\000c\000t\000i\000o\000n\000\040\000v\000i\000a\000\040\000T\000w\000o\000'\000s\000\040\000C\000o\000m\000p\000l\000e\000m\000e\000n\000t}{section.11}% 54
\BOOKMARK [2][-]{subsection.11.3}{\376\377\000O\000v\000e\000r\000f\000l\000o\000w}{section.11}% 55
\BOOKMARK [1][-]{section.12}{\376\377\000F\000l\000o\000a\000t\000i\000n\000g\000-\000P\000o\000i\000n\000t\000\040\000R\000e\000p\000r\000e\000s\000e\000n\000t\000a\000t\000i\000o\000n}{}% 56
\BOOKMARK [2][-]{subsection.12.1}{\376\377\000T\000h\000e\000\040\000C\000o\000n\000c\000e\000p\000t\000\040\000o\000f\000\040\000F\000l\000o\000a\000t\000i\000n\000g\000\040\000P\000o\000i\000n\000t}{section.12}% 57
\BOOKMARK [2][-]{subsection.12.2}{\376\377\0008\000-\000B\000i\000t\000\040\000F\000l\000o\000a\000t\000i\000n\000g\000\040\000P\000o\000i\000n\000t\000\040\000\050\000P\000e\000d\000a\000g\000o\000g\000i\000c\000a\000l\000\040\000E\000x\000a\000m\000p\000l\000e\000\051}{section.12}% 58
\BOOKMARK [3][-]{subsubsection.12.2.1}{\376\377\000N\000o\000r\000m\000a\000l\000i\000s\000e\000d\000\040\000F\000o\000r\000m\000\040\000a\000n\000d\000\040\000t\000h\000e\000\040\000H\000i\000d\000d\000e\000n\000\040\000B\000i\000t}{subsection.12.2}% 59
\BOOKMARK [3][-]{subsubsection.12.2.2}{\376\377\000C\000o\000n\000v\000e\000r\000s\000i\000o\000n\000:\000\040\000B\000i\000n\000a\000r\000y\000\040\000F\000l\000o\000a\000t\000i\000n\000g\000\040\000P\000o\000i\000n\000t\000\040\000t\000o\000\040\000D\000e\000c\000i\000m\000a\000l}{subsection.12.2}% 60
\BOOKMARK [3][-]{subsubsection.12.2.3}{\376\377\000C\000o\000n\000v\000e\000r\000s\000i\000o\000n\000:\000\040\000D\000e\000c\000i\000m\000a\000l\000\040\000t\000o\000\040\000B\000i\000n\000a\000r\000y\000\040\000F\000l\000o\000a\000t\000i\000n\000g\000\040\000P\000o\000i\000n\000t}{subsection.12.2}% 61
\BOOKMARK [2][-]{subsection.12.3}{\376\377\000I\000E\000E\000E\000\040\0007\0005\0004\000\040\000S\000t\000a\000n\000d\000a\000r\000d}{section.12}% 62
\BOOKMARK [2][-]{subsection.12.4}{\376\377\000F\000l\000o\000a\000t\000i\000n\000g\000-\000P\000o\000i\000n\000t\000\040\000P\000r\000e\000c\000i\000s\000i\000o\000n\000\040\000I\000s\000s\000u\000e\000s}{section.12}% 63
\BOOKMARK [1][-]{section.13}{\376\377\000C\000P\000U\000\040\000A\000r\000c\000h\000i\000t\000e\000c\000t\000u\000r\000e}{}% 64
\BOOKMARK [2][-]{subsection.13.1}{\376\377\000C\000P\000U\000\040\000C\000o\000m\000p\000o\000n\000e\000n\000t\000s}{section.13}% 65
\BOOKMARK [3][-]{subsubsection.13.1.1}{\376\377\000A\000r\000i\000t\000h\000m\000e\000t\000i\000c\000\040\000L\000o\000g\000i\000c\000\040\000U\000n\000i\000t\000\040\000\050\000A\000L\000U\000\051}{subsection.13.1}% 66
\BOOKMARK [3][-]{subsubsection.13.1.2}{\376\377\000C\000o\000n\000t\000r\000o\000l\000\040\000U\000n\000i\000t}{subsection.13.1}% 67
\BOOKMARK [3][-]{subsubsection.13.1.3}{\376\377\000R\000e\000g\000i\000s\000t\000e\000r\000s}{subsection.13.1}% 68
\BOOKMARK [3][-]{subsubsection.13.1.4}{\376\377\000M\000e\000m\000o\000r\000y\000\040\000H\000i\000e\000r\000a\000r\000c\000h\000y}{subsection.13.1}% 69
\BOOKMARK [2][-]{subsection.13.2}{\376\377\000T\000h\000e\000\040\000S\000t\000o\000r\000e\000d\000-\000P\000r\000o\000g\000r\000a\000m\000\040\000C\000o\000n\000c\000e\000p\000t}{section.13}% 70
\BOOKMARK [2][-]{subsection.13.3}{\376\377\000T\000h\000e\000\040\000M\000a\000c\000h\000i\000n\000e\000\040\000C\000y\000c\000l\000e}{section.13}% 71
\BOOKMARK [1][-]{section.14}{\376\377\000R\000e\000l\000e\000v\000a\000n\000c\000e\000\040\000t\000o\000\040\000D\000a\000t\000a\000\040\000S\000t\000r\000u\000c\000t\000u\000r\000e\000s\000\040\000a\000n\000d\000\040\000A\000l\000g\000o\000r\000i\000t\000h\000m\000s}{}% 72
\BOOKMARK [1][-]{section.15}{\376\377\000S\000u\000m\000m\000a\000r\000y}{}% 73
\BOOKMARK [1][-]{section.16}{\376\377\000C\000o\000m\000m\000o\000n\000\040\000D\000a\000t\000a\000\040\000S\000t\000r\000u\000c\000t\000u\000r\000e\000s}{}% 74
\BOOKMARK [1][-]{section.17}{\376\377\000F\000u\000n\000c\000t\000i\000o\000n\000s\000\040\000a\000n\000d\000\040\000C\000o\000m\000p\000u\000t\000a\000b\000i\000l\000i\000t\000y}{}% 75
\BOOKMARK [1][-]{section.18}{\376\377\000T\000u\000r\000i\000n\000g\000\040\000M\000a\000c\000h\000i\000n\000e\000s}{}% 76
\BOOKMARK [2][-]{subsection.18.1}{\376\377\000T\000h\000e\000\040\000C\000h\000u\000r\000c\000h\040\023\000T\000u\000r\000i\000n\000g\000\040\000T\000h\000e\000s\000i\000s}{section.18}% 77
\BOOKMARK [2][-]{subsection.18.2}{\376\377\000C\000o\000m\000p\000u\000t\000a\000b\000l\000e\000\040\000F\000u\000n\000c\000t\000i\000o\000n\000s}{section.18}% 78
\BOOKMARK [2][-]{subsection.18.3}{\376\377\000T\000u\000r\000i\000n\000g\000\040\000C\000o\000m\000p\000l\000e\000t\000e\000n\000e\000s\000s}{section.18}% 79
\BOOKMARK [1][-]{section.19}{\376\377\000T\000h\000e\000\040\000H\000a\000l\000t\000i\000n\000g\000\040\000P\000r\000o\000b\000l\000e\000m}{}% 80
\BOOKMARK [2][-]{subsection.19.1}{\376\377\000P\000r\000o\000o\000f\000\040\000o\000f\000\040\000U\000n\000d\000e\000c\000i\000d\000a\000b\000i\000l\000i\000t\000y\000\040\000v\000i\000a\000\040\000S\000e\000l\000f\000-\000R\000e\000f\000e\000r\000e\000n\000c\000e}{section.19}% 81
\BOOKMARK [1][-]{section.20}{\376\377\000D\000a\000t\000a\000\040\000T\000y\000p\000e\000s}{}% 82
\BOOKMARK [2][-]{subsection.20.1}{\376\377\000P\000r\000i\000m\000i\000t\000i\000v\000e\000\040\000D\000a\000t\000a\000\040\000T\000y\000p\000e\000s}{section.20}% 83
\BOOKMARK [2][-]{subsection.20.2}{\376\377\000L\000i\000s\000t\000s}{section.20}% 84
\BOOKMARK [2][-]{subsection.20.3}{\376\377\000A\000r\000r\000a\000y\000s}{section.20}% 85
\BOOKMARK [2][-]{subsection.20.4}{\376\377\000H\000a\000s\000h\000\040\000T\000a\000b\000l\000e\000s}{section.20}% 86
\BOOKMARK [1][-]{section.21}{\376\377\000S\000t\000a\000c\000k\000s\000\040\000a\000n\000d\000\040\000Q\000u\000e\000u\000e\000s}{}% 87
\BOOKMARK [2][-]{subsection.21.1}{\376\377\000T\000h\000e\000\040\000S\000t\000a\000c\000k}{section.21}% 88
\BOOKMARK [2][-]{subsection.21.2}{\376\377\000Q\000u\000e\000u\000e\000s}{section.21}% 89
\BOOKMARK [1][-]{section.22}{\376\377\000T\000r\000e\000e\000s}{}% 90
\BOOKMARK [1][-]{section.23}{\376\377\000S\000t\000o\000r\000a\000g\000e\000\040\000a\000n\000d\000\040\000M\000e\000m\000o\000r\000y}{}% 91
\BOOKMARK [2][-]{subsection.23.1}{\376\377\000P\000o\000i\000n\000t\000e\000r\000s}{section.23}% 92
\BOOKMARK [2][-]{subsection.23.2}{\376\377\000G\000a\000r\000b\000a\000g\000e\000\040\000C\000o\000l\000l\000e\000c\000t\000i\000o\000n}{section.23}% 93
\BOOKMARK [2][-]{subsection.23.3}{\376\377\000P\000a\000s\000s\000i\000n\000g\000\040\000b\000y\000\040\000V\000a\000l\000u\000e\000\040\000v\000s\000.\000\040\000R\000e\000f\000e\000r\000e\000n\000c\000e}{section.23}% 94
\BOOKMARK [2][-]{subsection.23.4}{\376\377\000M\000e\000m\000o\000r\000y\000\040\000S\000t\000o\000r\000a\000g\000e\000\040\000S\000t\000r\000a\000t\000e\000g\000i\000e\000s}{section.23}% 95
\BOOKMARK [3][-]{subsubsection.23.4.1}{\376\377\000C\000o\000n\000t\000i\000g\000u\000o\000u\000s\000\040\000S\000t\000o\000r\000a\000g\000e\000\040\000\050\000A\000r\000r\000a\000y\000s\000\051}{subsection.23.4}% 96
\BOOKMARK [3][-]{subsubsection.23.4.2}{\376\377\000L\000i\000n\000k\000e\000d\000\040\000S\000t\000o\000r\000a\000g\000e\000\040\000\050\000L\000i\000n\000k\000e\000d\000\040\000L\000i\000s\000t\000s\000\051}{subsection.23.4}% 97
\BOOKMARK [3][-]{subsubsection.23.4.3}{\376\377\000S\000t\000o\000r\000i\000n\000g\000\040\000S\000t\000a\000c\000k\000s}{subsection.23.4}% 98
\BOOKMARK [3][-]{subsubsection.23.4.4}{\376\377\000S\000t\000o\000r\000i\000n\000g\000\040\000Q\000u\000e\000u\000e\000s}{subsection.23.4}% 99
\BOOKMARK [1][-]{section.24}{\376\377\000S\000u\000m\000m\000a\000r\000y}{}% 100
\BOOKMARK [1][-]{section.25}{\376\377\000P\000r\000o\000g\000r\000a\000m\000m\000i\000n\000g\000\040\000P\000a\000r\000a\000d\000i\000g\000m\000s}{}% 101
\BOOKMARK [1][-]{section.26}{\376\377\000L\000o\000w\000-\000L\000e\000v\000e\000l\000\040\000t\000o\000\040\000H\000i\000g\000h\000-\000L\000e\000v\000e\000l\000\040\000A\000b\000s\000t\000r\000a\000c\000t\000i\000o\000n\000s}{}% 102
\BOOKMARK [2][-]{subsection.26.1}{\376\377\000A\000s\000s\000e\000m\000b\000l\000y\000:\000\040\000U\000n\000i\000t\000a\000r\000y\000\040\000O\000p\000e\000r\000a\000t\000i\000o\000n\000s}{section.26}% 103
\BOOKMARK [2][-]{subsection.26.2}{\376\377\000P\000r\000i\000m\000i\000t\000i\000v\000e\000s\000:\000\040\000H\000i\000g\000h\000-\000L\000e\000v\000e\000l\000\040\000I\000n\000s\000t\000r\000u\000c\000t\000i\000o\000n\000s}{section.26}% 104
\BOOKMARK [2][-]{subsection.26.3}{\376\377\000C\000o\000m\000p\000i\000l\000e\000r\000s\000:\000\040\000T\000r\000a\000n\000s\000l\000a\000t\000i\000o\000n\000\040\000t\000o\000\040\000M\000a\000c\000h\000i\000n\000e\000\040\000C\000o\000d\000e}{section.26}% 105
\BOOKMARK [2][-]{subsection.26.4}{\376\377\000I\000n\000t\000e\000r\000p\000r\000e\000t\000e\000r\000s\000:\000\040\000D\000i\000r\000e\000c\000t\000\040\000E\000x\000e\000c\000u\000t\000i\000o\000n}{section.26}% 106
\BOOKMARK [1][-]{section.27}{\376\377\000F\000o\000u\000r\000\040\000P\000r\000o\000g\000r\000a\000m\000m\000i\000n\000g\000\040\000P\000a\000r\000a\000d\000i\000g\000m\000s}{}% 107
\BOOKMARK [2][-]{subsection.27.1}{\376\377\000I\000m\000p\000e\000r\000a\000t\000i\000v\000e\000\040\000P\000r\000o\000g\000r\000a\000m\000m\000i\000n\000g}{section.27}% 108
\BOOKMARK [2][-]{subsection.27.2}{\376\377\000D\000e\000c\000l\000a\000r\000a\000t\000i\000v\000e\000\040\000P\000r\000o\000g\000r\000a\000m\000m\000i\000n\000g}{section.27}% 109
\BOOKMARK [2][-]{subsection.27.3}{\376\377\000F\000u\000n\000c\000t\000i\000o\000n\000a\000l\000\040\000P\000r\000o\000g\000r\000a\000m\000m\000i\000n\000g}{section.27}% 110
\BOOKMARK [3][-]{subsubsection.27.3.1}{\376\377\000P\000u\000r\000e\000\040\000F\000u\000n\000c\000t\000i\000o\000n\000s}{subsection.27.3}% 111
\BOOKMARK [3][-]{subsubsection.27.3.2}{\376\377\000L\000o\000o\000p\000s\000\040\000v\000s\000\040\000R\000e\000c\000u\000r\000s\000i\000o\000n}{subsection.27.3}% 112
\BOOKMARK [3][-]{subsubsection.27.3.3}{\376\377\000A\000n\000o\000n\000y\000m\000o\000u\000s\000\040\000a\000n\000d\000\040\000H\000i\000g\000h\000e\000r\000-\000O\000r\000d\000e\000r\000\040\000F\000u\000n\000c\000t\000i\000o\000n\000s}{subsection.27.3}% 113
\BOOKMARK [2][-]{subsection.27.4}{\376\377\000O\000b\000j\000e\000c\000t\000-\000O\000r\000i\000e\000n\000t\000e\000d\000\040\000P\000r\000o\000g\000r\000a\000m\000m\000i\000n\000g}{section.27}% 114
\BOOKMARK [3][-]{subsubsection.27.4.1}{\376\377\000C\000l\000a\000s\000s\000e\000s\000\040\000v\000s\000\040\000O\000b\000j\000e\000c\000t\000s}{subsection.27.4}% 115
\BOOKMARK [3][-]{subsubsection.27.4.2}{\376\377\000C\000l\000a\000s\000s\000e\000s\000\040\000a\000n\000d\000\040\000M\000e\000t\000h\000o\000d\000s\000\040\000i\000n\000\040\000P\000y\000t\000h\000o\000n}{subsection.27.4}% 116
\BOOKMARK [3][-]{subsubsection.27.4.3}{\376\377\000C\000o\000r\000e\000\040\000P\000r\000o\000p\000e\000r\000t\000i\000e\000s\000\040\000o\000f\000\040\000O\000O\000P}{subsection.27.4}% 117
\BOOKMARK [1][-]{section.28}{\376\377\000S\000o\000f\000t\000w\000a\000r\000e\000\040\000D\000e\000v\000e\000l\000o\000p\000m\000e\000n\000t\000\040\000P\000r\000a\000c\000t\000i\000c\000e\000s}{}% 118
\BOOKMARK [2][-]{subsection.28.1}{\376\377\000L\000i\000t\000e\000r\000a\000t\000e\000\040\000P\000r\000o\000g\000r\000a\000m\000m\000i\000n\000g}{section.28}% 119
\BOOKMARK [2][-]{subsection.28.2}{\376\377\000T\000e\000s\000t\000-\000D\000r\000i\000v\000e\000n\000\040\000D\000e\000v\000e\000l\000o\000p\000m\000e\000n\000t\000\040\000\050\000T\000D\000D\000\051}{section.28}% 120
\BOOKMARK [2][-]{subsection.28.3}{\376\377\000C\000o\000u\000p\000l\000i\000n\000g}{section.28}% 121
\BOOKMARK [3][-]{subsubsection.28.3.1}{\376\377\000D\000a\000t\000a\000\040\000C\000o\000u\000p\000l\000i\000n\000g\000\040\000\050\000L\000o\000o\000s\000e\000s\000t\000\051}{subsection.28.3}% 122
\BOOKMARK [3][-]{subsubsection.28.3.2}{\376\377\000S\000t\000a\000m\000p\000\040\000C\000o\000u\000p\000l\000i\000n\000g}{subsection.28.3}% 123
\BOOKMARK [3][-]{subsubsection.28.3.3}{\376\377\000C\000o\000n\000t\000r\000o\000l\000\040\000C\000o\000u\000p\000l\000i\000n\000g}{subsection.28.3}% 124
\BOOKMARK [3][-]{subsubsection.28.3.4}{\376\377\000C\000o\000m\000m\000o\000n\000\040\000C\000o\000u\000p\000l\000i\000n\000g}{subsection.28.3}% 125
\BOOKMARK [3][-]{subsubsection.28.3.5}{\376\377\000C\000o\000n\000t\000e\000n\000t\000\040\000C\000o\000u\000p\000l\000i\000n\000g\000\040\000\050\000T\000i\000g\000h\000t\000e\000s\000t\000\051}{subsection.28.3}% 126
\BOOKMARK [2][-]{subsection.28.4}{\376\377\000C\000o\000h\000e\000s\000i\000o\000n}{section.28}% 127
\BOOKMARK [3][-]{subsubsection.28.4.1}{\376\377\000C\000o\000i\000n\000c\000i\000d\000e\000n\000t\000a\000l\000\040\000C\000o\000h\000e\000s\000i\000o\000n\000\040\000\050\000L\000o\000w\000e\000s\000t\000\051}{subsection.28.4}% 128
\BOOKMARK [3][-]{subsubsection.28.4.2}{\376\377\000L\000o\000g\000i\000c\000a\000l\000\040\000C\000o\000h\000e\000s\000i\000o\000n}{subsection.28.4}% 129
\BOOKMARK [3][-]{subsubsection.28.4.3}{\376\377\000T\000e\000m\000p\000o\000r\000a\000l\000\040\000C\000o\000h\000e\000s\000i\000o\000n}{subsection.28.4}% 130
\BOOKMARK [3][-]{subsubsection.28.4.4}{\376\377\000P\000r\000o\000c\000e\000d\000u\000r\000a\000l\000\040\000C\000o\000h\000e\000s\000i\000o\000n}{subsection.28.4}% 131
\BOOKMARK [3][-]{subsubsection.28.4.5}{\376\377\000C\000o\000m\000m\000u\000n\000i\000c\000a\000t\000i\000o\000n\000a\000l\000\040\000C\000o\000h\000e\000s\000i\000o\000n}{subsection.28.4}% 132
\BOOKMARK [3][-]{subsubsection.28.4.6}{\376\377\000S\000e\000q\000u\000e\000n\000t\000i\000a\000l\000\040\000C\000o\000h\000e\000s\000i\000o\000n}{subsection.28.4}% 133
\BOOKMARK [3][-]{subsubsection.28.4.7}{\376\377\000F\000u\000n\000c\000t\000i\000o\000n\000a\000l\000\040\000C\000o\000h\000e\000s\000i\000o\000n\000\040\000\050\000H\000i\000g\000h\000e\000s\000t\000\051}{subsection.28.4}% 134
\BOOKMARK [2][-]{subsection.28.5}{\376\377\000I\000n\000f\000o\000r\000m\000a\000t\000i\000o\000n\000\040\000H\000i\000d\000i\000n\000g}{section.28}% 135
\BOOKMARK [1][-]{section.29}{\376\377\000C\000o\000n\000n\000e\000c\000t\000i\000n\000g\000\040\000P\000a\000r\000a\000d\000i\000g\000m\000s\000\040\000t\000o\000\040\000D\000a\000t\000a\000\040\000S\000t\000r\000u\000c\000t\000u\000r\000e\000s\000\040\000a\000n\000d\000\040\000A\000l\000g\000o\000r\000i\000t\000h\000m\000s}{}% 136
\BOOKMARK [1][-]{section.30}{\376\377\000A\000n\000a\000l\000y\000s\000i\000s\000\040\000I\000:\000\040\000C\000o\000r\000r\000e\000c\000t\000n\000e\000s\000s\000\040\000\046\000\040\000E\000f\000f\000i\000c\000i\000e\000n\000c\000y}{}% 137
\BOOKMARK [2][-]{subsection.30.1}{\376\377\000C\000o\000n\000s\000t\000a\000n\000t\000\040\000T\000i\000m\000e\000\040\000O\000p\000e\000r\000a\000t\000i\000o\000n\000s}{section.30}% 138
\BOOKMARK [3][-]{subsubsection.30.1.1}{\376\377\000A\000r\000r\000a\000y\000s\000:\000\040\000F\000a\000s\000t\000\040\000R\000a\000n\000d\000o\000m\000\040\000A\000c\000c\000e\000s\000s}{subsection.30.1}% 139
\BOOKMARK [3][-]{subsubsection.30.1.2}{\376\377\000Q\000u\000e\000u\000e\000s\000:\000\040\000F\000a\000s\000t\000\040\000H\000e\000a\000d\000/\000T\000a\000i\000l\000\040\000O\000p\000e\000r\000a\000t\000i\000o\000n\000s}{subsection.30.1}% 140
\BOOKMARK [1][-]{section.31}{\376\377\000A\000n\000a\000l\000y\000s\000i\000s\000\040\000I\000I\000:\000\040\000B\000i\000g\000\040\000O\000\040\000N\000o\000t\000a\000t\000i\000o\000n}{}% 141
\BOOKMARK [2][-]{subsection.31.1}{\376\377\000W\000h\000y\000\040\000W\000e\000\040\000D\000r\000o\000p\000\040\000C\000o\000n\000s\000t\000a\000n\000t\000s}{section.31}% 142
\BOOKMARK [2][-]{subsection.31.2}{\376\377\000C\000h\000o\000o\000s\000i\000n\000g\000\040\000t\000h\000e\000\040\000D\000o\000m\000i\000n\000a\000n\000t\000\040\000T\000e\000r\000m}{section.31}% 143
\BOOKMARK [2][-]{subsection.31.3}{\376\377\000C\000o\000m\000m\000o\000n\000\040\000F\000a\000m\000i\000l\000i\000e\000s\000\040\000o\000f\000\040\000C\000o\000m\000p\000l\000e\000x\000i\000t\000y}{section.31}% 144
\BOOKMARK [3][-]{subsubsection.31.3.1}{\376\377\000C\000o\000n\000s\000t\000a\000n\000t\000\040\000T\000i\000m\000e\000\040\000-\000\040\000O\000\050\0001\000\051}{subsection.31.3}% 145
\BOOKMARK [3][-]{subsubsection.31.3.2}{\376\377\000L\000o\000g\000a\000r\000i\000t\000h\000m\000i\000c\000\040\000T\000i\000m\000e\000\040\000-\000\040\000O\000\050\000n\000\051}{subsection.31.3}% 146
\BOOKMARK [3][-]{subsubsection.31.3.3}{\376\377\000L\000i\000n\000e\000a\000r\000\040\000T\000i\000m\000e\000\040\000-\000\040\000O\000\050\000n\000\051}{subsection.31.3}% 147
\BOOKMARK [3][-]{subsubsection.31.3.4}{\376\377\000Q\000u\000a\000d\000r\000a\000t\000i\000c\000\040\000T\000i\000m\000e\000\040\000-\000\040\000O\000\050\000n\0002\000\051}{subsection.31.3}% 148
\BOOKMARK [3][-]{subsubsection.31.3.5}{\376\377\000P\000o\000l\000y\000n\000o\000m\000i\000a\000l\000\040\000T\000i\000m\000e\000\040\000-\000\040\000O\000\050\000n\000k\000\051}{subsection.31.3}% 149
\BOOKMARK [3][-]{subsubsection.31.3.6}{\376\377\000E\000x\000p\000o\000n\000e\000n\000t\000i\000a\000l\000\040\000T\000i\000m\000e\000\040\000-\000\040\000O\000\050\000r\000n\000\051}{subsection.31.3}% 150
\BOOKMARK [1][-]{section.32}{\376\377\000S\000t\000a\000b\000l\000e\000\040\000M\000a\000t\000c\000h\000i\000n\000g\000\040\000P\000r\000o\000b\000l\000e\000m}{}% 151
\BOOKMARK [2][-]{subsection.32.1}{\376\377\000P\000r\000o\000b\000l\000e\000m\000\040\000S\000e\000t\000u\000p}{section.32}% 152
\BOOKMARK [2][-]{subsection.32.2}{\376\377\000W\000o\000r\000k\000e\000d\000\040\000E\000x\000a\000m\000p\000l\000e}{section.32}% 153
\BOOKMARK [1][-]{section.33}{\376\377\000S\000t\000a\000b\000l\000e\000\040\000R\000o\000o\000m\000m\000a\000t\000e\000\040\000P\000r\000o\000b\000l\000e\000m\000:\000\040\000A\000\040\000C\000a\000u\000t\000i\000o\000n\000a\000r\000y\000\040\000E\000x\000a\000m\000p\000l\000e}{}% 154
\BOOKMARK [2][-]{subsection.33.1}{\376\377\000P\000r\000o\000b\000l\000e\000m\000\040\000S\000e\000t\000u\000p}{section.33}% 155
\BOOKMARK [1][-]{section.34}{\376\377\000G\000a\000l\000e\000-\000S\000h\000a\000p\000l\000e\000y\000\040\000A\000l\000g\000o\000r\000i\000t\000h\000m}{}% 156
\BOOKMARK [2][-]{subsection.34.1}{\376\377\000C\000o\000r\000r\000e\000c\000t\000n\000e\000s\000s\000\040\000A\000n\000a\000l\000y\000s\000i\000s}{section.34}% 157
\BOOKMARK [3][-]{subsubsection.34.1.1}{\376\377\000D\000o\000e\000s\000\040\000t\000h\000e\000\040\000A\000l\000g\000o\000r\000i\000t\000h\000m\000\040\000H\000a\000l\000t\000?}{subsection.34.1}% 158
\BOOKMARK [3][-]{subsubsection.34.1.2}{\376\377\000D\000o\000e\000s\000\040\000E\000v\000e\000r\000y\000o\000n\000e\000\040\000G\000e\000t\000\040\000M\000a\000t\000c\000h\000e\000d\000?}{subsection.34.1}% 159
\BOOKMARK [3][-]{subsubsection.34.1.3}{\376\377\000A\000r\000e\000\040\000A\000l\000l\000\040\000M\000a\000t\000c\000h\000e\000s\000\040\000S\000t\000a\000b\000l\000e\000?}{subsection.34.1}% 160
\BOOKMARK [2][-]{subsection.34.2}{\376\377\000E\000f\000f\000i\000c\000i\000e\000n\000t\000\040\000I\000m\000p\000l\000e\000m\000e\000n\000t\000a\000t\000i\000o\000n}{section.34}% 161
\BOOKMARK [3][-]{subsubsection.34.2.1}{\376\377\000T\000h\000e\000\040\000C\000h\000a\000l\000l\000e\000n\000g\000e\000:\000\040\000C\000o\000m\000p\000a\000r\000i\000n\000g\000\040\000P\000r\000e\000f\000e\000r\000e\000n\000c\000e\000s}{subsection.34.2}% 162
\BOOKMARK [3][-]{subsubsection.34.2.2}{\376\377\000T\000h\000e\000\040\000S\000o\000l\000u\000t\000i\000o\000n\000:\000\040\000I\000n\000v\000e\000r\000s\000e\000\040\000P\000r\000e\000f\000e\000r\000e\000n\000c\000e\000\040\000T\000a\000b\000l\000e\000s}{subsection.34.2}% 163
\BOOKMARK [3][-]{subsubsection.34.2.3}{\376\377\000C\000o\000m\000p\000l\000e\000t\000e\000\040\000D\000a\000t\000a\000\040\000S\000t\000r\000u\000c\000t\000u\000r\000e\000\040\000D\000e\000s\000i\000g\000n}{subsection.34.2}% 164
\BOOKMARK [2][-]{subsection.34.3}{\376\377\000F\000i\000n\000a\000l\000\040\000A\000n\000a\000l\000y\000s\000i\000s}{section.34}% 165
\BOOKMARK [1][-]{section.35}{\376\377\000P\000r\000o\000p\000e\000r\000t\000i\000e\000s\000\040\000o\000f\000\040\000B\000i\000g\000\040\000O}{}% 166
\BOOKMARK [1][-]{section.36}{\376\377\000A\000l\000g\000o\000r\000i\000t\000h\000m\000\040\000A\000n\000a\000l\000y\000s\000i\000s\000\040\000G\000u\000i\000d\000e\000l\000i\000n\000e\000s}{}% 167
\BOOKMARK [1][-]{section.37}{\376\377\000C\000a\000s\000e\000\040\000S\000t\000u\000d\000y\000\040\0001\000:\000\040\000F\000i\000b\000o\000n\000a\000c\000c\000i\000\040\000S\000e\000q\000u\000e\000n\000c\000e}{}% 168
\BOOKMARK [2][-]{subsection.37.1}{\376\377\000N\000a\000i\000v\000e\000\040\000A\000p\000p\000r\000o\000a\000c\000h\000:\000\040\000D\000i\000r\000e\000c\000t\000\040\000R\000e\000c\000u\000r\000s\000i\000o\000n}{section.37}% 169
\BOOKMARK [3][-]{subsubsection.37.1.1}{\376\377\000A\000n\000a\000l\000y\000s\000i\000n\000g\000\040\000R\000e\000c\000u\000r\000s\000i\000o\000n\000\040\000v\000i\000a\000\040\000R\000e\000c\000u\000r\000s\000i\000o\000n\000\040\000T\000r\000e\000e\000s}{subsection.37.1}% 170
\BOOKMARK [2][-]{subsection.37.2}{\376\377\000I\000m\000p\000r\000o\000v\000e\000m\000e\000n\000t\000\040\0001\000:\000\040\000M\000e\000m\000o\000i\000s\000a\000t\000i\000o\000n\000\040\000\050\000C\000a\000c\000h\000i\000n\000g\000\040\000V\000a\000l\000u\000e\000s\000\051}{section.37}% 171
\BOOKMARK [2][-]{subsection.37.3}{\376\377\000I\000m\000p\000r\000o\000v\000e\000m\000e\000n\000t\000\040\0002\000:\000\040\000C\000o\000n\000s\000t\000a\000n\000t\000\040\000S\000p\000a\000c\000e}{section.37}% 172
\BOOKMARK [1][-]{section.38}{\376\377\000C\000a\000s\000e\000\040\000S\000t\000u\000d\000y\000\040\0002\000:\000\040\000B\000i\000n\000a\000r\000y\000\040\000S\000e\000a\000r\000c\000h}{}% 173
\BOOKMARK [2][-]{subsection.38.1}{\376\377\000N\000a\000i\000v\000e\000\040\000A\000p\000p\000r\000o\000a\000c\000h\000:\000\040\000L\000i\000n\000e\000a\000r\000\040\000S\000e\000a\000r\000c\000h}{section.38}% 174
\BOOKMARK [2][-]{subsection.38.2}{\376\377\000B\000i\000n\000a\000r\000y\000\040\000S\000e\000a\000r\000c\000h\000:\000\040\000D\000i\000v\000i\000d\000e\000\040\000a\000n\000d\000\040\000C\000o\000n\000q\000u\000e\000r}{section.38}% 175
\BOOKMARK [3][-]{subsubsection.38.2.1}{\376\377\000A\000l\000g\000o\000r\000i\000t\000h\000m}{subsection.38.2}% 176
\BOOKMARK [3][-]{subsubsection.38.2.2}{\376\377\000C\000o\000r\000r\000e\000c\000t\000n\000e\000s\000s}{subsection.38.2}% 177
\BOOKMARK [3][-]{subsubsection.38.2.3}{\376\377\000E\000f\000f\000i\000c\000i\000e\000n\000c\000y}{subsection.38.2}% 178
\BOOKMARK [3][-]{subsubsection.38.2.4}{\376\377\000A\000p\000p\000l\000i\000c\000a\000t\000i\000o\000n\000s\000\040\000o\000f\000\040\000B\000i\000n\000a\000r\000y\000\040\000S\000e\000a\000r\000c\000h}{subsection.38.2}% 179
\BOOKMARK [1][-]{section.39}{\376\377\000C\000a\000s\000e\000\040\000S\000t\000u\000d\000y\000\040\0003\000:\000\040\000S\000o\000r\000t\000i\000n\000g}{}% 180
\BOOKMARK [2][-]{subsection.39.1}{\376\377\000N\000a\000i\000v\000e\000\040\000A\000p\000p\000r\000o\000a\000c\000h\000:\000\040\000B\000o\000g\000o\000S\000o\000r\000t}{section.39}% 181
\BOOKMARK [2][-]{subsection.39.2}{\376\377\000M\000e\000r\000g\000e\000S\000o\000r\000t\000:\000\040\000D\000i\000v\000i\000d\000e\000\040\000a\000n\000d\000\040\000C\000o\000n\000q\000u\000e\000r}{section.39}% 182
\BOOKMARK [3][-]{subsubsection.39.2.1}{\376\377\000M\000e\000r\000g\000e\000S\000o\000r\000t\000\040\000A\000l\000g\000o\000r\000i\000t\000h\000m}{subsection.39.2}% 183
\BOOKMARK [3][-]{subsubsection.39.2.2}{\376\377\000C\000o\000r\000r\000e\000c\000t\000n\000e\000s\000s}{subsection.39.2}% 184
\BOOKMARK [3][-]{subsubsection.39.2.3}{\376\377\000E\000f\000f\000i\000c\000i\000e\000n\000c\000y}{subsection.39.2}% 185
\BOOKMARK [1][-]{section.40}{\376\377\000C\000a\000s\000e\000\040\000S\000t\000u\000d\000y\000\040\0004\000:\000\040\000S\000i\000e\000v\000e\000\040\000o\000f\000\040\000E\000r\000a\000t\000o\000s\000t\000h\000e\000n\000e\000s}{}% 186
\BOOKMARK [2][-]{subsection.40.1}{\376\377\000N\000a\000i\000v\000e\000\040\000A\000p\000p\000r\000o\000a\000c\000h\000:\000\040\000T\000r\000i\000a\000l\000\040\000D\000i\000v\000i\000s\000i\000o\000n}{section.40}% 187
\BOOKMARK [2][-]{subsection.40.2}{\376\377\000S\000i\000e\000v\000e\000\040\000o\000f\000\040\000E\000r\000a\000t\000o\000s\000t\000h\000e\000n\000e\000s}{section.40}% 188
\BOOKMARK [3][-]{subsubsection.40.2.1}{\376\377\000A\000l\000g\000o\000r\000i\000t\000h\000m}{subsection.40.2}% 189
\BOOKMARK [3][-]{subsubsection.40.2.2}{\376\377\000C\000o\000r\000r\000e\000c\000t\000n\000e\000s\000s}{subsection.40.2}% 190
\BOOKMARK [3][-]{subsubsection.40.2.3}{\376\377\000E\000f\000f\000i\000c\000i\000e\000n\000c\000y}{subsection.40.2}% 191
\BOOKMARK [1][-]{section.41}{\376\377\000S\000u\000m\000m\000a\000r\000y\000:\000\040\000T\000h\000e\000\040\000A\000r\000t\000\040\000o\000f\000\040\000A\000l\000g\000o\000r\000i\000t\000h\000m\000\040\000D\000e\000s\000i\000g\000n}{}% 192
\BOOKMARK [1][-]{section.42}{\376\377\000L\000o\000c\000a\000l\000\040\000v\000s\000\040\000G\000l\000o\000b\000a\000l\000\040\000M\000i\000n\000i\000m\000a}{}% 193
\BOOKMARK [2][-]{subsection.42.1}{\376\377\000L\000o\000c\000a\000l\000\040\000M\000i\000n\000i\000m\000u\000m}{section.42}% 194
\BOOKMARK [2][-]{subsection.42.2}{\376\377\000G\000l\000o\000b\000a\000l\000\040\000M\000i\000n\000i\000m\000u\000m}{section.42}% 195
\BOOKMARK [1][-]{section.43}{\376\377\000C\000h\000a\000r\000a\000c\000t\000e\000r\000i\000s\000i\000n\000g\000\040\000a\000\040\000L\000o\000c\000a\000l\000\040\000M\000i\000n\000i\000m\000u\000m}{}% 196
\BOOKMARK [2][-]{subsection.43.1}{\376\377\000O\000n\000e\000-\000D\000i\000m\000e\000n\000s\000i\000o\000n\000a\000l\000\040\000C\000a\000s\000e}{section.43}% 197
\BOOKMARK [2][-]{subsection.43.2}{\376\377\000H\000i\000g\000h\000-\000D\000i\000m\000e\000n\000s\000i\000o\000n\000a\000l\000\040\000C\000a\000s\000e}{section.43}% 198
\BOOKMARK [2][-]{subsection.43.3}{\376\377\000Q\000u\000a\000d\000r\000a\000t\000i\000c\000\040\000F\000o\000r\000m\000s\000\040\000a\000n\000d\000\040\000D\000e\000f\000i\000n\000i\000t\000e\000n\000e\000s\000s}{section.43}% 199
\BOOKMARK [1][-]{section.44}{\376\377\000T\000a\000y\000l\000o\000r\000\040\000E\000x\000p\000a\000n\000s\000i\000o\000n\000\040\000a\000n\000d\000\040\000t\000h\000e\000\040\000L\000o\000g\000i\000c\000\040\000o\000f\000\040\000L\000o\000c\000a\000l\000\040\000M\000i\000n\000i\000m\000a}{}% 200
\BOOKMARK [2][-]{subsection.44.1}{\376\377\000T\000a\000y\000l\000o\000r\000\040\000E\000x\000p\000a\000n\000s\000i\000o\000n\000\040\000o\000f\000\040\000a\000\040\000F\000u\000n\000c\000t\000i\000o\000n}{section.44}% 201
\BOOKMARK [2][-]{subsection.44.2}{\376\377\000A\000t\000\040\000a\000\040\000C\000r\000i\000t\000i\000c\000a\000l\000\040\000P\000o\000i\000n\000t}{section.44}% 202
\BOOKMARK [2][-]{subsection.44.3}{\376\377\000C\000o\000n\000d\000i\000t\000i\000o\000n\000\040\000f\000o\000r\000\040\000a\000\040\000M\000i\000n\000i\000m\000u\000m}{section.44}% 203
\BOOKMARK [2][-]{subsection.44.4}{\376\377\000P\000o\000s\000i\000t\000i\000v\000e\000\040\000D\000e\000f\000i\000n\000i\000t\000e\000n\000e\000s\000s\000\040\000a\000s\000\040\000C\000h\000a\000r\000a\000c\000t\000e\000r\000i\000s\000a\000t\000i\000o\000n}{section.44}% 204
\BOOKMARK [1][-]{section.45}{\376\377\000C\000o\000n\000v\000e\000x\000i\000t\000y}{}% 205
\BOOKMARK [2][-]{subsection.45.1}{\376\377\000F\000o\000r\000m\000a\000l\000\040\000D\000e\000f\000i\000n\000i\000t\000i\000o\000n}{section.45}% 206
\BOOKMARK [2][-]{subsection.45.2}{\376\377\000W\000h\000y\000\040\000C\000o\000n\000v\000e\000x\000i\000t\000y\000\040\000M\000a\000t\000t\000e\000r\000s}{section.45}% 207
\BOOKMARK [2][-]{subsection.45.3}{\376\377\000L\000o\000c\000a\000l\000\040\000v\000s\000\040\000G\000l\000o\000b\000a\000l\000\040\000M\000i\000n\000i\000m\000a\000:\000\040\000T\000h\000e\000\040\000R\000o\000l\000e\000\040\000o\000f\000\040\000P\000S\000D\000\040\000H\000e\000s\000s\000i\000a\000n\000s}{section.45}% 208
\BOOKMARK [2][-]{subsection.45.4}{\376\377\000F\000i\000n\000d\000i\000n\000g\000\040\000G\000l\000o\000b\000a\000l\000\040\000M\000i\000n\000i\000m\000a\000\040\000o\000f\000\040\000N\000o\000n\000-\000C\000o\000n\000v\000e\000x\000\040\000F\000u\000n\000c\000t\000i\000o\000n\000s}{section.45}% 209
\BOOKMARK [2][-]{subsection.45.5}{\376\377\000O\000L\000S\000\040\000a\000s\000\040\000a\000\040\000C\000o\000n\000c\000r\000e\000t\000e\000\040\000E\000x\000a\000m\000p\000l\000e}{section.45}% 210
\BOOKMARK [3][-]{subsubsection.45.5.1}{\376\377\000O\000L\000S\000\040\000L\000o\000s\000s\000\040\000F\000u\000n\000c\000t\000i\000o\000n}{subsection.45.5}% 211
\BOOKMARK [3][-]{subsubsection.45.5.2}{\376\377\000G\000r\000a\000d\000i\000e\000n\000t\000\040\000o\000f\000\040\000O\000L\000S\000\040\000L\000o\000s\000s}{subsection.45.5}% 212
\BOOKMARK [3][-]{subsubsection.45.5.3}{\376\377\000H\000e\000s\000s\000i\000a\000n\000\040\000o\000f\000\040\000O\000L\000S\000\040\000L\000o\000s\000s}{subsection.45.5}% 213
\BOOKMARK [3][-]{subsubsection.45.5.4}{\376\377\000C\000o\000n\000v\000e\000x\000i\000t\000y\000\040\000o\000f\000\040\000O\000L\000S}{subsection.45.5}% 214
\BOOKMARK [1][-]{section.46}{\376\377\000F\000i\000r\000s\000t\000-\000O\000r\000d\000e\000r\000\040\000M\000e\000t\000h\000o\000d\000s}{}% 215
\BOOKMARK [2][-]{subsection.46.1}{\376\377\000G\000e\000n\000e\000r\000a\000l\000\040\000P\000r\000o\000c\000e\000d\000u\000r\000e}{section.46}% 216
\BOOKMARK [2][-]{subsection.46.2}{\376\377\000D\000e\000s\000c\000e\000n\000t\000\040\000D\000i\000r\000e\000c\000t\000i\000o\000n}{section.46}% 217
\BOOKMARK [3][-]{subsubsection.46.2.1}{\376\377\000D\000e\000r\000i\000v\000i\000n\000g\000\040\000t\000h\000e\000\040\000D\000e\000s\000c\000e\000n\000t\000\040\000D\000i\000r\000e\000c\000t\000i\000o\000n\000\040\000v\000i\000a\000\040\000T\000a\000y\000l\000o\000r\000\040\000E\000x\000p\000a\000n\000s\000i\000o\000n}{subsection.46.2}% 218
\BOOKMARK [3][-]{subsubsection.46.2.2}{\376\377\000O\000p\000t\000i\000m\000a\000l\000\040\000D\000i\000r\000e\000c\000t\000i\000o\000n}{subsection.46.2}% 219
\BOOKMARK [3][-]{subsubsection.46.2.3}{\376\377\000G\000r\000a\000d\000i\000e\000n\000t\000\040\000D\000e\000s\000c\000e\000n\000t\000\040\000U\000p\000d\000a\000t\000e\000\040\000R\000u\000l\000e}{subsection.46.2}% 220
\BOOKMARK [2][-]{subsection.46.3}{\376\377\000S\000t\000e\000p\000\040\000S\000i\000z\000e\000\040\000/\000\040\000L\000e\000a\000r\000n\000i\000n\000g\000\040\000R\000a\000t\000e}{section.46}% 221
\BOOKMARK [3][-]{subsubsection.46.3.1}{\376\377\000E\000x\000a\000m\000p\000l\000e\000\040\0001\000a\000:\000\040\000f\000\050\000x\000\051\000\040\000=\000\040\000x\0002}{subsection.46.3}% 222
\BOOKMARK [3][-]{subsubsection.46.3.2}{\376\377\000E\000x\000a\000m\000p\000l\000e\000\040\0001\000b\000:\000\040\000f\000\050\000x\000\051\000\040\000=\000\040\000x\0002\000\040\000w\000i\000t\000h\000\040\000L\000a\000r\000g\000e\000\040\000L\000e\000a\000r\000n\000i\000n\000g\000\040\000R\000a\000t\000e}{subsection.46.3}% 223
\BOOKMARK [3][-]{subsubsection.46.3.3}{\376\377\000E\000x\000a\000m\000p\000l\000e\000\040\0002\000a\000:\000\040\000N\000o\000n\000-\000C\000o\000n\000v\000e\000x\000\040\000C\000u\000b\000i\000c}{subsection.46.3}% 224
\BOOKMARK [3][-]{subsubsection.46.3.4}{\376\377\000E\000x\000a\000m\000p\000l\000e\000\040\0002\000b\000:\000\040\000S\000a\000m\000e\000\040\000C\000u\000b\000i\000c\000,\000\040\000D\000i\000f\000f\000e\000r\000e\000n\000t\000\040\000S\000t\000a\000r\000t\000i\000n\000g\000\040\000P\000o\000i\000n\000t}{subsection.46.3}% 225
\BOOKMARK [2][-]{subsection.46.4}{\376\377\000C\000h\000o\000o\000s\000i\000n\000g\000\040\000a\000\040\000C\000o\000n\000s\000t\000a\000n\000t\000\040\000L\000e\000a\000r\000n\000i\000n\000g\000\040\000R\000a\000t\000e}{section.46}% 226
\BOOKMARK [2][-]{subsection.46.5}{\376\377\000C\000h\000o\000o\000s\000i\000n\000g\000\040\000a\000\040\000V\000a\000r\000i\000a\000b\000l\000e\000\040\000L\000e\000a\000r\000n\000i\000n\000g\000\040\000R\000a\000t\000e}{section.46}% 227
\BOOKMARK [3][-]{subsubsection.46.5.1}{\376\377\000E\000x\000a\000c\000t\000\040\000L\000i\000n\000e\000\040\000S\000e\000a\000r\000c\000h\000\040\000\050\000S\000t\000e\000e\000p\000e\000s\000t\000\040\000D\000e\000s\000c\000e\000n\000t\000\051}{subsection.46.5}% 228
\BOOKMARK [3][-]{subsubsection.46.5.2}{\376\377\000I\000n\000e\000x\000a\000c\000t\000\040\000L\000i\000n\000e\000\040\000S\000e\000a\000r\000c\000h}{subsection.46.5}% 229
\BOOKMARK [3][-]{subsubsection.46.5.3}{\376\377\000C\000o\000n\000v\000e\000r\000g\000e\000n\000c\000e\000\040\000R\000a\000t\000e\000s\000\040\000a\000n\000d\000\040\000C\000o\000n\000d\000i\000t\000i\000o\000n\000\040\000N\000u\000m\000b\000e\000r}{subsection.46.5}% 230
\BOOKMARK [2][-]{subsection.46.6}{\376\377\000M\000o\000m\000e\000n\000t\000u\000m}{section.46}% 231
\BOOKMARK [3][-]{subsubsection.46.6.1}{\376\377\000M\000o\000m\000e\000n\000t\000u\000m\000\040\000U\000p\000d\000a\000t\000e\000\040\000R\000u\000l\000e\000s}{subsection.46.6}% 232
\BOOKMARK [3][-]{subsubsection.46.6.2}{\376\377\000U\000n\000d\000e\000r\000s\000t\000a\000n\000d\000i\000n\000g\000\040\000M\000o\000m\000e\000n\000t\000u\000m\000\040\000A\000c\000c\000u\000m\000u\000l\000a\000t\000i\000o\000n}{subsection.46.6}% 233
\BOOKMARK [2][-]{subsection.46.7}{\376\377\000N\000e\000s\000t\000e\000r\000o\000v\000\040\000A\000c\000c\000e\000l\000e\000r\000a\000t\000e\000d\000\040\000M\000o\000m\000e\000n\000t\000u\000m\000\040\000\050\000N\000A\000G\000\051}{section.46}% 234
\BOOKMARK [2][-]{subsection.46.8}{\376\377\000S\000u\000m\000m\000a\000r\000y\000:\000\040\000F\000i\000r\000s\000t\000-\000O\000r\000d\000e\000r\000\040\000M\000e\000t\000h\000o\000d\000s}{section.46}% 235
\BOOKMARK [1][-]{section.47}{\376\377\000S\000e\000c\000o\000n\000d\000-\000O\000r\000d\000e\000r\000\040\000M\000e\000t\000h\000o\000d\000s}{}% 236
\BOOKMARK [2][-]{subsection.47.1}{\376\377\000N\000e\000w\000t\000o\000n\000'\000s\000\040\000M\000e\000t\000h\000o\000d}{section.47}% 237
\BOOKMARK [3][-]{subsubsection.47.1.1}{\376\377\000A\000l\000g\000o\000r\000i\000t\000h\000m}{subsection.47.1}% 238
\BOOKMARK [3][-]{subsubsection.47.1.2}{\376\377\000D\000e\000r\000i\000v\000a\000t\000i\000o\000n\000\040\000v\000i\000a\000\040\000T\000a\000y\000l\000o\000r\000\040\000S\000e\000r\000i\000e\000s}{subsection.47.1}% 239
\BOOKMARK [3][-]{subsubsection.47.1.3}{\376\377\000N\000e\000w\000t\000o\000n\000'\000s\000\040\000M\000e\000t\000h\000o\000d\000\040\000A\000p\000p\000l\000i\000e\000d\000\040\000t\000o\000\040\000O\000L\000S}{subsection.47.1}% 240
\BOOKMARK [3][-]{subsubsection.47.1.4}{\376\377\000D\000i\000f\000f\000i\000c\000u\000l\000t\000i\000e\000s\000\040\000w\000i\000t\000h\000\040\000N\000e\000w\000t\000o\000n\000'\000s\000\040\000M\000e\000t\000h\000o\000d}{subsection.47.1}% 241
\BOOKMARK [2][-]{subsection.47.2}{\376\377\000B\000F\000G\000S\000\040\000\050\000A\000\040\000Q\000u\000a\000s\000i\000-\000N\000e\000w\000t\000o\000n\000\040\000M\000e\000t\000h\000o\000d\000\051}{section.47}% 242
\BOOKMARK [3][-]{subsubsection.47.2.1}{\376\377\000A\000l\000g\000o\000r\000i\000t\000h\000m}{subsection.47.2}% 243
\BOOKMARK [3][-]{subsubsection.47.2.2}{\376\377\000T\000e\000c\000h\000n\000i\000c\000a\000l\000\040\000C\000o\000n\000d\000i\000t\000i\000o\000n\000s}{subsection.47.2}% 244
\BOOKMARK [3][-]{subsubsection.47.2.3}{\376\377\000E\000f\000f\000i\000c\000i\000e\000n\000c\000y\000\040\000I\000m\000p\000r\000o\000v\000e\000m\000e\000n\000t\000s}{subsection.47.2}% 245
\BOOKMARK [2][-]{subsection.47.3}{\376\377\000S\000u\000m\000m\000a\000r\000y\000:\000\040\000S\000e\000c\000o\000n\000d\000-\000O\000r\000d\000e\000r\000\040\000M\000e\000t\000h\000o\000d\000s}{section.47}% 246
\BOOKMARK [1][-]{section.48}{\376\377\000S\000t\000o\000c\000h\000a\000s\000t\000i\000c\000\040\000G\000r\000a\000d\000i\000e\000n\000t\000\040\000D\000e\000s\000c\000e\000n\000t\000\040\000\050\000S\000G\000D\000\051}{}% 247
\BOOKMARK [2][-]{subsection.48.1}{\376\377\000T\000h\000e\000\040\000S\000t\000r\000u\000c\000t\000u\000r\000e\000\040\000i\000n\000\040\000O\000u\000r\000\040\000L\000o\000s\000s\000\040\000F\000u\000n\000c\000t\000i\000o\000n\000s}{section.48}% 248
\BOOKMARK [2][-]{subsection.48.2}{\376\377\000R\000e\000l\000a\000t\000i\000o\000n\000s\000h\000i\000p\000\040\000t\000o\000\040\000P\000o\000p\000u\000l\000a\000t\000i\000o\000n\000\040\000R\000i\000s\000k}{section.48}% 249
\BOOKMARK [2][-]{subsection.48.3}{\376\377\000S\000G\000D\000\040\000A\000l\000g\000o\000r\000i\000t\000h\000m}{section.48}% 250
\BOOKMARK [2][-]{subsection.48.4}{\376\377\000P\000r\000a\000c\000t\000i\000c\000a\000l\000\040\000C\000o\000n\000s\000i\000d\000e\000r\000a\000t\000i\000o\000n\000s}{section.48}% 251
\BOOKMARK [2][-]{subsection.48.5}{\376\377\000S\000G\000D\000\040\000A\000p\000p\000l\000i\000e\000d\000\040\000t\000o\000\040\000O\000L\000S}{section.48}% 252
\BOOKMARK [2][-]{subsection.48.6}{\376\377\000C\000h\000o\000o\000s\000i\000n\000g\000\040\000a\000\040\000L\000e\000a\000r\000n\000i\000n\000g\000\040\000R\000a\000t\000e\000\040\000f\000o\000r\000\040\000S\000G\000D}{section.48}% 253
\BOOKMARK [3][-]{subsubsection.48.6.1}{\376\377\000L\000e\000a\000r\000n\000i\000n\000g\000\040\000R\000a\000t\000e\000\040\000S\000c\000h\000e\000d\000u\000l\000e\000s}{subsection.48.6}% 254
\BOOKMARK [3][-]{subsubsection.48.6.2}{\376\377\000R\000o\000b\000b\000i\000n\000s\040\023\000M\000o\000n\000r\000o\000\040\000C\000o\000n\000d\000i\000t\000i\000o\000n\000s}{subsection.48.6}% 255
\BOOKMARK [2][-]{subsection.48.7}{\376\377\000A\000d\000v\000a\000n\000c\000e\000d\000\040\000S\000G\000D\000\040\000T\000e\000c\000h\000n\000i\000q\000u\000e\000s}{section.48}% 256
\BOOKMARK [1][-]{section.49}{\376\377\000S\000u\000m\000m\000a\000r\000y}{}% 257
\BOOKMARK [1][-]{section.50}{\376\377\000D\000i\000v\000i\000d\000e\000\040\000a\000n\000d\000\040\000C\000o\000n\000q\000u\000e\000r}{}% 258
\BOOKMARK [1][-]{section.51}{\376\377\000O\000v\000e\000r\000v\000i\000e\000w}{}% 259
\BOOKMARK [2][-]{subsection.51.1}{\376\377\000T\000o\000o\000l\000s\000\040\000f\000o\000r\000\040\000A\000n\000a\000l\000y\000s\000i\000n\000g\000\040\000D\000i\000v\000i\000d\000e\000\040\000a\000n\000d\000\040\000C\000o\000n\000q\000u\000e\000r\000\040\000A\000l\000g\000o\000r\000i\000t\000h\000m\000s}{section.51}% 260
\BOOKMARK [2][-]{subsection.51.2}{\376\377\000R\000e\000c\000u\000r\000r\000e\000n\000c\000e\000\040\000R\000e\000l\000a\000t\000i\000o\000n\000s}{section.51}% 261
\BOOKMARK [1][-]{section.52}{\376\377\000M\000e\000r\000g\000e\000S\000o\000r\000t}{}% 262
\BOOKMARK [2][-]{subsection.52.1}{\376\377\000M\000o\000t\000i\000v\000a\000t\000i\000o\000n\000:\000\040\000W\000h\000y\000\040\000D\000o\000\040\000W\000e\000\040\000S\000o\000r\000t\000?}{section.52}% 263
\BOOKMARK [2][-]{subsection.52.2}{\376\377\000T\000h\000e\000\040\000M\000e\000r\000g\000e\000S\000o\000r\000t\000\040\000P\000r\000o\000c\000e\000s\000s}{section.52}% 264
\BOOKMARK [2][-]{subsection.52.3}{\376\377\000I\000m\000p\000l\000e\000m\000e\000n\000t\000a\000t\000i\000o\000n}{section.52}% 265
\BOOKMARK [2][-]{subsection.52.4}{\376\377\000T\000i\000m\000e\000\040\000C\000o\000m\000p\000l\000e\000x\000i\000t\000y\000\040\000A\000n\000a\000l\000y\000s\000i\000s}{section.52}% 266
\BOOKMARK [3][-]{subsubsection.52.4.1}{\376\377\000R\000e\000c\000u\000r\000s\000i\000o\000n\000\040\000T\000r\000e\000e\000\040\000I\000n\000t\000u\000i\000t\000i\000o\000n}{subsection.52.4}% 267
\BOOKMARK [3][-]{subsubsection.52.4.2}{\376\377\000M\000a\000s\000t\000e\000r\000\040\000T\000h\000e\000o\000r\000e\000m\000\040\000A\000p\000p\000l\000i\000c\000a\000t\000i\000o\000n}{subsection.52.4}% 268
\BOOKMARK [3][-]{subsubsection.52.4.3}{\376\377\000F\000o\000r\000m\000a\000l\000\040\000I\000n\000d\000u\000c\000t\000i\000v\000e\000\040\000P\000r\000o\000o\000f}{subsection.52.4}% 269
\BOOKMARK [1][-]{section.53}{\376\377\000T\000h\000e\000\040\000S\000o\000r\000t\000i\000n\000g\000\040\000L\000o\000w\000e\000r\000\040\000B\000o\000u\000n\000d}{}% 270
\BOOKMARK [2][-]{subsection.53.1}{\376\377\000T\000h\000e\000\040\000D\000e\000c\000i\000s\000i\000o\000n\000\040\000T\000r\000e\000e\000\040\000M\000o\000d\000e\000l}{section.53}% 271
\BOOKMARK [2][-]{subsection.53.2}{\376\377\000T\000h\000e\000\040\000L\000o\000w\000e\000r\000\040\000B\000o\000u\000n\000d\000\040\000P\000r\000o\000o\000f}{section.53}% 272
\BOOKMARK [1][-]{section.54}{\376\377\000C\000o\000u\000n\000t\000i\000n\000g\000\040\000I\000n\000v\000e\000r\000s\000i\000o\000n\000s}{}% 273
\BOOKMARK [2][-]{subsection.54.1}{\376\377\000M\000o\000t\000i\000v\000a\000t\000i\000o\000n\000\040\000a\000n\000d\000\040\000A\000p\000p\000l\000i\000c\000a\000t\000i\000o\000n\000s}{section.54}% 274
\BOOKMARK [2][-]{subsection.54.2}{\376\377\000N\000a\000i\000v\000e\000\040\000A\000p\000p\000r\000o\000a\000c\000h}{section.54}% 275
\BOOKMARK [2][-]{subsection.54.3}{\376\377\000D\000i\000v\000i\000d\000e\000\040\000a\000n\000d\000\040\000C\000o\000n\000q\000u\000e\000r\000\040\000A\000p\000p\000r\000o\000a\000c\000h}{section.54}% 276
\BOOKMARK [2][-]{subsection.54.4}{\376\377\000S\000o\000r\000t\000-\000a\000n\000d\000-\000C\000o\000u\000n\000t\000\040\000A\000l\000g\000o\000r\000i\000t\000h\000m}{section.54}% 277
\BOOKMARK [2][-]{subsection.54.5}{\376\377\000A\000l\000g\000o\000r\000i\000t\000h\000m\000\040\000a\000n\000d\000\040\000A\000n\000a\000l\000y\000s\000i\000s}{section.54}% 278
\BOOKMARK [3][-]{subsubsection.54.5.1}{\376\377\000W\000o\000r\000k\000e\000d\000\040\000E\000x\000a\000m\000p\000l\000e}{subsection.54.5}% 279
\BOOKMARK [1][-]{section.55}{\376\377\000S\000e\000l\000e\000c\000t\000i\000o\000n\000:\000\040\000F\000i\000n\000d\000i\000n\000g\000\040\000t\000h\000e\000\040\000k\000t\000h\000\040\000S\000m\000a\000l\000l\000e\000s\000t\000\040\000E\000l\000e\000m\000e\000n\000t}{}% 280
\BOOKMARK [2][-]{subsection.55.1}{\376\377\000A\000p\000p\000l\000i\000c\000a\000t\000i\000o\000n\000s}{section.55}% 281
\BOOKMARK [2][-]{subsection.55.2}{\376\377\000A\000p\000p\000r\000o\000a\000c\000h\000e\000s\000\040\000a\000n\000d\000\040\000T\000h\000e\000i\000r\000\040\000C\000o\000m\000p\000l\000e\000x\000i\000t\000i\000e\000s}{section.55}% 282
\BOOKMARK [2][-]{subsection.55.3}{\376\377\0003\000-\000W\000a\000y\000\040\000P\000a\000r\000t\000i\000t\000i\000o\000n\000i\000n\000g}{section.55}% 283
\BOOKMARK [3][-]{subsubsection.55.3.1}{\376\377\000T\000h\000e\000\040\000P\000a\000r\000t\000i\000t\000i\000o\000n\000i\000n\000g\000\040\000A\000l\000g\000o\000r\000i\000t\000h\000m}{subsection.55.3}% 284
\BOOKMARK [2][-]{subsection.55.4}{\376\377\000Q\000u\000i\000c\000k\000S\000e\000l\000e\000c\000t\000\040\000A\000l\000g\000o\000r\000i\000t\000h\000m}{section.55}% 285
\BOOKMARK [2][-]{subsection.55.5}{\376\377\000A\000n\000a\000l\000y\000s\000i\000s\000\040\000o\000f\000\040\000R\000a\000n\000d\000o\000m\000i\000s\000e\000d\000\040\000Q\000u\000i\000c\000k\000S\000e\000l\000e\000c\000t}{section.55}% 286
\BOOKMARK [3][-]{subsubsection.55.5.1}{\376\377\000I\000n\000t\000u\000i\000t\000i\000o\000n\000:\000\040\000T\000h\000e\000\040\000S\000t\000i\000c\000k\000-\000B\000r\000e\000a\000k\000i\000n\000g\000\040\000A\000n\000a\000l\000o\000g\000y}{subsection.55.5}% 287
\BOOKMARK [3][-]{subsubsection.55.5.2}{\376\377\000R\000e\000c\000u\000r\000r\000e\000n\000c\000e\000\040\000a\000n\000d\000\040\000S\000o\000l\000u\000t\000i\000o\000n}{subsection.55.5}% 288
\BOOKMARK [1][-]{section.56}{\376\377\000C\000l\000o\000s\000e\000s\000t\000\040\000P\000a\000i\000r\000\040\000o\000f\000\040\000P\000o\000i\000n\000t\000s}{}% 289
\BOOKMARK [2][-]{subsection.56.1}{\376\377\000B\000r\000u\000t\000e\000\040\000F\000o\000r\000c\000e\000\040\000A\000p\000p\000r\000o\000a\000c\000h}{section.56}% 290
\BOOKMARK [2][-]{subsection.56.2}{\376\377\000D\000i\000v\000i\000d\000e\000\040\000a\000n\000d\000\040\000C\000o\000n\000q\000u\000e\000r\000\040\000S\000o\000l\000u\000t\000i\000o\000n}{section.56}% 291
\BOOKMARK [2][-]{subsection.56.3}{\376\377\000W\000h\000y\000\040\000O\000n\000l\000y\000\040\0007\000\040\000N\000e\000i\000g\000h\000b\000o\000u\000r\000s\000?}{section.56}% 292
\BOOKMARK [2][-]{subsection.56.4}{\376\377\000C\000o\000m\000p\000l\000e\000t\000e\000\040\000A\000l\000g\000o\000r\000i\000t\000h\000m}{section.56}% 293
\BOOKMARK [1][-]{section.57}{\376\377\000C\000o\000m\000p\000u\000t\000a\000t\000i\000o\000n\000a\000l\000\040\000G\000e\000o\000m\000e\000t\000r\000y\000\040\000A\000p\000p\000l\000i\000c\000a\000t\000i\000o\000n\000s}{}% 294
\BOOKMARK [1][-]{section.58}{\376\377\000T\000h\000e\000\040\000M\000a\000s\000t\000e\000r\000\040\000T\000h\000e\000o\000r\000e\000m\000:\000\040\000G\000e\000n\000e\000r\000a\000l\000\040\000T\000h\000e\000o\000r\000y}{}% 295
\BOOKMARK [2][-]{subsection.58.1}{\376\377\000T\000h\000e\000\040\000G\000e\000n\000e\000r\000a\000l\000\040\000R\000e\000c\000u\000r\000r\000e\000n\000c\000e}{section.58}% 296
\BOOKMARK [2][-]{subsection.58.2}{\376\377\000T\000h\000e\000\040\000C\000r\000i\000t\000i\000c\000a\000l\000\040\000R\000a\000t\000i\000o}{section.58}% 297
\BOOKMARK [2][-]{subsection.58.3}{\376\377\000T\000h\000e\000\040\000T\000h\000r\000e\000e\000\040\000C\000a\000s\000e\000s}{section.58}% 298
\BOOKMARK [3][-]{subsubsection.58.3.1}{\376\377\000C\000a\000s\000e\000\040\0001\000:\000\040\000R\000o\000o\000t\000\040\000D\000o\000m\000i\000n\000a\000t\000i\000o\000n\000\040\000\050\000r\000\040\000<\000\040\0001\000\051}{subsection.58.3}% 299
\BOOKMARK [3][-]{subsubsection.58.3.2}{\376\377\000C\000a\000s\000e\000\040\0002\000:\000\040\000E\000q\000u\000a\000l\000\040\000D\000i\000s\000t\000r\000i\000b\000u\000t\000i\000o\000n\000\040\000\050\000r\000\040\000=\000\040\0001\000\051}{subsection.58.3}% 300
\BOOKMARK [3][-]{subsubsection.58.3.3}{\376\377\000C\000a\000s\000e\000\040\0003\000:\000\040\000L\000e\000a\000f\000\040\000D\000o\000m\000i\000n\000a\000t\000i\000o\000n\000\040\000\050\000r\000\040\000>\000\040\0001\000\051}{subsection.58.3}% 301
\BOOKMARK [1][-]{section.59}{\376\377\000P\000a\000r\000a\000l\000l\000e\000l\000i\000s\000a\000t\000i\000o\000n\000\040\000o\000f\000\040\000D\000i\000v\000i\000d\000e\000\040\000a\000n\000d\000\040\000C\000o\000n\000q\000u\000e\000r}{}% 302
\BOOKMARK [2][-]{subsection.59.1}{\376\377\000E\000m\000b\000a\000r\000r\000a\000s\000s\000i\000n\000g\000l\000y\000\040\000P\000a\000r\000a\000l\000l\000e\000l\000\040\000P\000r\000o\000b\000l\000e\000m\000s}{section.59}% 303
\BOOKMARK [3][-]{subsubsection.59.1.1}{\376\377\000E\000x\000a\000m\000p\000l\000e\000:\000\040\000T\000r\000a\000i\000n\000i\000n\000g\000\040\000a\000\040\000R\000a\000n\000d\000o\000m\000\040\000F\000o\000r\000e\000s\000t}{subsection.59.1}% 304
\BOOKMARK [1][-]{section.60}{\376\377\000M\000a\000t\000r\000i\000x\000\040\000M\000u\000l\000t\000i\000p\000l\000i\000c\000a\000t\000i\000o\000n}{}% 305
\BOOKMARK [2][-]{subsection.60.1}{\376\377\000S\000t\000a\000n\000d\000a\000r\000d\000\040\000M\000a\000t\000r\000i\000x\000\040\000M\000u\000l\000t\000i\000p\000l\000i\000c\000a\000t\000i\000o\000n}{section.60}% 306
\BOOKMARK [2][-]{subsection.60.2}{\376\377\000B\000l\000o\000c\000k\000\040\000M\000a\000t\000r\000i\000x\000\040\000M\000u\000l\000t\000i\000p\000l\000i\000c\000a\000t\000i\000o\000n}{section.60}% 307
\BOOKMARK [2][-]{subsection.60.3}{\376\377\000S\000t\000r\000a\000s\000s\000e\000n\000'\000s\000\040\000A\000l\000g\000o\000r\000i\000t\000h\000m}{section.60}% 308
\BOOKMARK [2][-]{subsection.60.4}{\376\377\000S\000i\000g\000n\000i\000f\000i\000c\000a\000n\000c\000e\000\040\000o\000f\000\040\000M\000a\000t\000r\000i\000x\000\040\000M\000u\000l\000t\000i\000p\000l\000i\000c\000a\000t\000i\000o\000n\000\040\000C\000o\000m\000p\000l\000e\000x\000i\000t\000y}{section.60}% 309
\BOOKMARK [1][-]{section.61}{\376\377\000S\000u\000m\000m\000a\000r\000y\000:\000\040\000T\000h\000e\000\040\000D\000i\000v\000i\000d\000e\000\040\000a\000n\000d\000\040\000C\000o\000n\000q\000u\000e\000r\000\040\000P\000a\000r\000a\000d\000i\000g\000m}{}% 310
\BOOKMARK [1][-]{section.62}{\376\377\000G\000r\000a\000p\000h\000s}{}% 311
\BOOKMARK [1][-]{section.63}{\376\377\000W\000h\000a\000t\000\040\000i\000s\000\040\000a\000\040\000G\000r\000a\000p\000h\000?}{}% 312
\BOOKMARK [1][-]{section.64}{\376\377\000R\000e\000p\000r\000e\000s\000e\000n\000t\000a\000t\000i\000o\000n\000\040\000o\000f\000\040\000a\000\040\000G\000r\000a\000p\000h}{}% 313
\BOOKMARK [2][-]{subsection.64.1}{\376\377\000A\000d\000j\000a\000c\000e\000n\000c\000y\000\040\000M\000a\000t\000r\000i\000x}{section.64}% 314
\BOOKMARK [2][-]{subsection.64.2}{\376\377\000A\000d\000j\000a\000c\000e\000n\000c\000y\000\040\000L\000i\000s\000t}{section.64}% 315
\BOOKMARK [2][-]{subsection.64.3}{\376\377\000C\000h\000o\000o\000s\000i\000n\000g\000\040\000B\000e\000t\000w\000e\000e\000n\000\040\000t\000h\000e\000\040\000T\000w\000o}{section.64}% 316
\BOOKMARK [1][-]{section.65}{\376\377\000P\000a\000t\000h\000s\000\040\000a\000n\000d\000\040\000C\000o\000n\000n\000e\000c\000t\000i\000v\000i\000t\000y}{}% 317
\BOOKMARK [2][-]{subsection.65.1}{\376\377\000P\000a\000t\000h\000s}{section.65}% 318
\BOOKMARK [2][-]{subsection.65.2}{\376\377\000C\000o\000n\000n\000e\000c\000t\000i\000v\000i\000t\000y}{section.65}% 319
\BOOKMARK [2][-]{subsection.65.3}{\376\377\000C\000y\000c\000l\000e\000s}{section.65}% 320
\BOOKMARK [1][-]{section.66}{\376\377\000T\000r\000e\000e\000s}{}% 321
\BOOKMARK [2][-]{subsection.66.1}{\376\377\000P\000r\000o\000p\000e\000r\000t\000i\000e\000s\000\040\000o\000f\000\040\000T\000r\000e\000e\000s}{section.66}% 322
\BOOKMARK [2][-]{subsection.66.2}{\376\377\000T\000y\000p\000e\000s\000\040\000o\000f\000\040\000T\000r\000e\000e\000s}{section.66}% 323
\BOOKMARK [2][-]{subsection.66.3}{\376\377\000A\000p\000p\000l\000i\000c\000a\000t\000i\000o\000n\000s\000\040\000o\000f\000\040\000T\000r\000e\000e\000s}{section.66}% 324
\BOOKMARK [1][-]{section.67}{\376\377\000s\000-\000t\000\040\000C\000o\000n\000n\000e\000c\000t\000i\000v\000i\000t\000y\000\040\000P\000r\000o\000b\000l\000e\000m\000s}{}% 325
\BOOKMARK [2][-]{subsection.67.1}{\376\377\000s\000-\000t\000\040\000C\000o\000n\000n\000e\000c\000t\000i\000v\000i\000t\000y\000\040\000P\000r\000o\000b\000l\000e\000m}{section.67}% 326
\BOOKMARK [2][-]{subsection.67.2}{\376\377\000s\000-\000t\000\040\000S\000h\000o\000r\000t\000e\000s\000t\000\040\000P\000a\000t\000h\000\040\000P\000r\000o\000b\000l\000e\000m}{section.67}% 327
\BOOKMARK [2][-]{subsection.67.3}{\376\377\000A\000p\000p\000l\000i\000c\000a\000t\000i\000o\000n\000s\000\040\000o\000f\000\040\000s\000-\000t\000\040\000C\000o\000n\000n\000e\000c\000t\000i\000v\000i\000t\000y\000\040\000P\000r\000o\000b\000l\000e\000m\000s}{section.67}% 328
\BOOKMARK [1][-]{section.68}{\376\377\000B\000r\000e\000a\000d\000t\000h\000-\000F\000i\000r\000s\000t\000\040\000S\000e\000a\000r\000c\000h\000\040\000\050\000B\000F\000S\000\051}{}% 329
\BOOKMARK [2][-]{subsection.68.1}{\376\377\000B\000F\000S\000\040\000A\000l\000g\000o\000r\000i\000t\000h\000m\000\040\000O\000v\000e\000r\000v\000i\000e\000w}{section.68}% 330
\BOOKMARK [3][-]{subsubsection.68.1.1}{\376\377\000B\000F\000S\000\040\000A\000l\000g\000o\000r\000i\000t\000h\000m\000\040\000S\000t\000e\000p\000s}{subsection.68.1}% 331
\BOOKMARK [3][-]{subsubsection.68.1.2}{\376\377\000L\000e\000v\000e\000l\000\040\000S\000e\000t\000s\000\040\000i\000n\000\040\000B\000F\000S}{subsection.68.1}% 332
\BOOKMARK [2][-]{subsection.68.2}{\376\377\000P\000r\000o\000p\000e\000r\000t\000i\000e\000s\000\040\000a\000n\000d\000\040\000B\000e\000n\000e\000f\000i\000t\000s\000\040\000o\000f\000\040\000B\000F\000S}{section.68}% 333
\BOOKMARK [2][-]{subsection.68.3}{\376\377\000A\000n\000a\000l\000y\000s\000i\000s\000\040\000o\000f\000\040\000B\000F\000S}{section.68}% 334
\BOOKMARK [3][-]{subsubsection.68.3.1}{\376\377\000T\000i\000m\000e\000\040\000C\000o\000m\000p\000l\000e\000x\000i\000t\000y\000\040\000o\000f\000\040\000B\000F\000S}{subsection.68.3}% 335
\BOOKMARK [2][-]{subsection.68.4}{\376\377\000E\000x\000a\000m\000p\000l\000e\000\040\000A\000p\000p\000l\000i\000c\000a\000t\000i\000o\000n\000s\000\040\000o\000f\000\040\000B\000F\000S}{section.68}% 336
\BOOKMARK [3][-]{subsubsection.68.4.1}{\376\377\000F\000l\000o\000o\000d\000\040\000F\000i\000l\000l}{subsection.68.4}% 337
\BOOKMARK [3][-]{subsubsection.68.4.2}{\376\377\000K\000-\000N\000e\000a\000r\000e\000s\000t\000\040\000N\000e\000i\000g\000h\000b\000o\000u\000r\000s\000\040\000C\000l\000a\000s\000s\000i\000f\000i\000c\000a\000t\000i\000o\000n}{subsection.68.4}% 338
\BOOKMARK [3][-]{subsubsection.68.4.3}{\376\377\000A\000p\000p\000l\000i\000c\000a\000t\000i\000o\000n\000\040\000i\000n\000\040\000E\000x\000p\000e\000r\000i\000m\000e\000n\000t\000a\000l\000\040\000D\000e\000s\000i\000g\000n}{subsection.68.4}% 339
\BOOKMARK [3][-]{subsubsection.68.4.4}{\376\377\000E\000x\000p\000l\000o\000r\000e\000\040\000A\000l\000l\000\040\000C\000o\000n\000n\000e\000c\000t\000e\000d\000\040\000C\000o\000m\000p\000o\000n\000e\000n\000t\000s}{subsection.68.4}% 340
\BOOKMARK [1][-]{section.69}{\376\377\000D\000e\000p\000t\000h\000-\000F\000i\000r\000s\000t\000\040\000S\000e\000a\000r\000c\000h\000\040\000\050\000D\000F\000S\000\051}{}% 341
\BOOKMARK [2][-]{subsection.69.1}{\376\377\000D\000F\000S\000\040\000O\000u\000t\000l\000i\000n\000e}{section.69}% 342
\BOOKMARK [3][-]{subsubsection.69.1.1}{\376\377\000R\000e\000c\000u\000r\000s\000i\000v\000e\000\040\000D\000e\000f\000i\000n\000i\000t\000i\000o\000n}{subsection.69.1}% 343
\BOOKMARK [3][-]{subsubsection.69.1.2}{\376\377\000N\000o\000n\000-\000R\000e\000c\000u\000r\000s\000i\000v\000e\000\040\000D\000e\000f\000i\000n\000i\000t\000i\000o\000n}{subsection.69.1}% 344
\BOOKMARK [2][-]{subsection.69.2}{\376\377\000P\000r\000o\000p\000e\000r\000t\000i\000e\000s\000\040\000o\000f\000\040\000D\000F\000S}{section.69}% 345
\BOOKMARK [2][-]{subsection.69.3}{\376\377\000A\000p\000p\000l\000i\000c\000a\000t\000i\000o\000n\000s\000\040\000o\000f\000\040\000D\000F\000S}{section.69}% 346
\BOOKMARK [1][-]{section.70}{\376\377\000B\000F\000S\000\040\000v\000s\000\040\000D\000F\000S}{}% 347
\BOOKMARK [2][-]{subsection.70.1}{\376\377\000I\000n\000t\000u\000i\000t\000i\000v\000e\000\040\000D\000i\000f\000f\000e\000r\000e\000n\000c\000e\000s}{section.70}% 348
\BOOKMARK [2][-]{subsection.70.2}{\376\377\000K\000e\000y\000\040\000D\000i\000f\000f\000e\000r\000e\000n\000c\000e\000s\000\040\000i\000n\000\040\000O\000p\000e\000r\000a\000t\000i\000o\000n}{section.70}% 349
\BOOKMARK [2][-]{subsection.70.3}{\376\377\000P\000r\000a\000c\000t\000i\000c\000a\000l\000\040\000I\000m\000p\000l\000i\000c\000a\000t\000i\000o\000n\000s}{section.70}% 350
\BOOKMARK [1][-]{section.71}{\376\377\000B\000i\000p\000a\000r\000t\000i\000t\000e\000\040\000G\000r\000a\000p\000h\000s}{}% 351
\BOOKMARK [2][-]{subsection.71.1}{\376\377\000P\000r\000o\000p\000e\000r\000t\000i\000e\000s\000\040\000o\000f\000\040\000B\000i\000p\000a\000r\000t\000i\000t\000e\000\040\000G\000r\000a\000p\000h\000s}{section.71}% 352
\BOOKMARK [2][-]{subsection.71.2}{\376\377\000C\000h\000e\000c\000k\000i\000n\000g\000\040\000i\000f\000\040\000a\000\040\000G\000r\000a\000p\000h\000\040\000i\000s\000\040\000B\000i\000p\000a\000r\000t\000i\000t\000e}{section.71}% 353
\BOOKMARK [2][-]{subsection.71.3}{\376\377\000A\000p\000p\000l\000i\000c\000a\000t\000i\000o\000n\000s\000\040\000o\000f\000\040\000B\000i\000p\000a\000r\000t\000i\000t\000e\000\040\000G\000r\000a\000p\000h\000s}{section.71}% 354
\BOOKMARK [2][-]{subsection.71.4}{\376\377\000B\000F\000S\000\040\000a\000n\000d\000\040\000B\000i\000p\000a\000r\000t\000i\000t\000e\000n\000e\000s\000s}{section.71}% 355
\BOOKMARK [2][-]{subsection.71.5}{\376\377\000A\000n\000a\000l\000y\000s\000i\000n\000g\000\040\000t\000h\000e\000\040\000R\000e\000s\000u\000l\000t\000s}{section.71}% 356
\BOOKMARK [1][-]{section.72}{\376\377\000D\000i\000r\000e\000c\000t\000e\000d\000\040\000G\000r\000a\000p\000h\000s}{}% 357
\BOOKMARK [2][-]{subsection.72.1}{\376\377\000D\000i\000r\000e\000c\000t\000e\000d\000\040\000A\000c\000y\000c\000l\000i\000c\000\040\000G\000r\000a\000p\000h\000s\000\040\000\050\000D\000A\000G\000s\000\051}{section.72}% 358
\BOOKMARK [2][-]{subsection.72.2}{\376\377\000T\000o\000p\000o\000l\000o\000g\000i\000c\000a\000l\000\040\000O\000r\000d\000e\000r\000i\000n\000g}{section.72}% 359
\BOOKMARK [3][-]{subsubsection.72.2.1}{\376\377\000P\000r\000o\000p\000e\000r\000t\000i\000e\000s\000\040\000o\000f\000\040\000T\000o\000p\000o\000l\000o\000g\000i\000c\000a\000l\000\040\000O\000r\000d\000e\000r\000i\000n\000g}{subsection.72.2}% 360
\BOOKMARK [3][-]{subsubsection.72.2.2}{\376\377\000K\000a\000h\000n\000'\000s\000\040\000A\000l\000g\000o\000r\000i\000t\000h\000m\000\040\000f\000o\000r\000\040\000T\000o\000p\000o\000l\000o\000g\000i\000c\000a\000l\000\040\000S\000o\000r\000t\000i\000n\000g}{subsection.72.2}% 361
\BOOKMARK [3][-]{subsubsection.72.2.3}{\376\377\000D\000F\000S\000-\000B\000a\000s\000e\000d\000\040\000A\000l\000g\000o\000r\000i\000t\000h\000m\000\040\000f\000o\000r\000\040\000T\000o\000p\000o\000l\000o\000g\000i\000c\000a\000l\000\040\000S\000o\000r\000t\000i\000n\000g}{subsection.72.2}% 362
\BOOKMARK [3][-]{subsubsection.72.2.4}{\376\377\000A\000p\000p\000l\000i\000c\000a\000t\000i\000o\000n\000s\000\040\000o\000f\000\040\000T\000o\000p\000o\000l\000o\000g\000i\000c\000a\000l\000\040\000O\000r\000d\000e\000r\000i\000n\000g}{subsection.72.2}% 363
\BOOKMARK [3][-]{subsubsection.72.2.5}{\376\377\000T\000o\000p\000o\000l\000o\000g\000i\000c\000a\000l\000\040\000O\000r\000d\000e\000r\000i\000n\000g\000\040\000I\000m\000p\000l\000i\000e\000s\000\040\000D\000A\000G}{subsection.72.2}% 364
\BOOKMARK [3][-]{subsubsection.72.2.6}{\376\377\000K\000a\000h\000n\000'\000s\000\040\000A\000l\000g\000o\000r\000i\000t\000h\000m\000\040\000\050\000D\000e\000t\000a\000i\000l\000e\000d\000\051}{subsection.72.2}% 365
\BOOKMARK [3][-]{subsubsection.72.2.7}{\376\377\000C\000a\000u\000s\000a\000l\000\040\000I\000n\000f\000e\000r\000e\000n\000c\000e\000\040\000A\000p\000p\000l\000i\000c\000a\000t\000i\000o\000n}{subsection.72.2}% 366
\BOOKMARK [2][-]{subsection.72.3}{\376\377\000F\000i\000n\000d\000i\000n\000g\000\040\000d\000-\000S\000e\000p\000a\000r\000a\000t\000i\000o\000n}{section.72}% 367
\BOOKMARK [1][-]{section.73}{\376\377\000M\000i\000n\000-\000C\000u\000t\000\040\000a\000n\000d\000\040\000M\000a\000x\000-\000F\000l\000o\000w}{}% 368
\BOOKMARK [2][-]{subsection.73.1}{\376\377\000F\000l\000o\000w\000\040\000N\000e\000t\000w\000o\000r\000k\000s}{section.73}% 369
\BOOKMARK [2][-]{subsection.73.2}{\376\377\000G\000r\000a\000p\000h\000\040\000C\000u\000t\000s}{section.73}% 370
\BOOKMARK [2][-]{subsection.73.3}{\376\377\000M\000i\000n\000-\000C\000u\000t\000\040\000P\000r\000o\000b\000l\000e\000m}{section.73}% 371
\BOOKMARK [2][-]{subsection.73.4}{\376\377\000M\000a\000x\000-\000F\000l\000o\000w\000\040\000P\000r\000o\000b\000l\000e\000m}{section.73}% 372
\BOOKMARK [2][-]{subsection.73.5}{\376\377\000F\000o\000r\000d\000-\000F\000u\000l\000k\000e\000r\000s\000o\000n\000\040\000A\000l\000g\000o\000r\000i\000t\000h\000m}{section.73}% 373
\BOOKMARK [3][-]{subsubsection.73.5.1}{\376\377\000N\000a\000i\000v\000e\000\040\000A\000l\000g\000o\000r\000i\000t\000h\000m\000\040\000\050\000F\000a\000i\000l\000s\000\051}{subsection.73.5}% 374
\BOOKMARK [3][-]{subsubsection.73.5.2}{\376\377\000R\000e\000s\000i\000d\000u\000a\000l\000\040\000F\000l\000o\000w\000\040\000/\000\040\000R\000e\000s\000i\000d\000u\000a\000l\000\040\000N\000e\000t\000w\000o\000r\000k}{subsection.73.5}% 375
\BOOKMARK [3][-]{subsubsection.73.5.3}{\376\377\000A\000u\000g\000m\000e\000n\000t\000i\000n\000g\000\040\000P\000a\000t\000h}{subsection.73.5}% 376
\BOOKMARK [3][-]{subsubsection.73.5.4}{\376\377\000F\000o\000r\000d\000-\000F\000u\000l\000k\000e\000r\000s\000o\000n\000\040\000A\000l\000g\000o\000r\000i\000t\000h\000m}{subsection.73.5}% 377
\BOOKMARK [3][-]{subsubsection.73.5.5}{\376\377\000E\000d\000m\000o\000n\000d\000s\000-\000K\000a\000r\000p\000\040\000A\000l\000g\000o\000r\000i\000t\000h\000m\000\040\000-\000\040\000U\000s\000i\000n\000g\000\040\000B\000F\000S\000\040\000t\000o\000\040\000C\000h\000o\000o\000s\000e\000\040\000P\000a\000t\000h\000s}{subsection.73.5}% 378
\BOOKMARK [2][-]{subsection.73.6}{\376\377\000M\000a\000x\000-\000F\000l\000o\000w\000\040\000M\000i\000n\000-\000C\000u\000t\000\040\000T\000h\000e\000o\000r\000e\000m}{section.73}% 379
\BOOKMARK [1][-]{section.74}{\376\377\000G\000r\000e\000e\000d\000y\000\040\000A\000l\000g\000o\000r\000i\000t\000h\000m\000\040\000O\000u\000t\000l\000i\000n\000e}{}% 380
\BOOKMARK [1][-]{section.75}{\376\377\000C\000a\000s\000h\000i\000e\000r\000'\000s\000\040\000A\000l\000g\000o\000r\000i\000t\000h\000m}{}% 381
\BOOKMARK [1][-]{section.76}{\376\377\000A\000c\000t\000i\000v\000i\000t\000y\000\040\000S\000e\000l\000e\000c\000t\000i\000o\000n\000\040\000\050\000E\000a\000r\000l\000i\000e\000s\000t\000-\000F\000i\000n\000i\000s\000h\000-\000T\000i\000m\000e\000-\000F\000i\000r\000s\000t\000\040\000A\000l\000g\000o\000r\000i\000t\000h\000m\000\051}{}% 382
\BOOKMARK [2][-]{subsection.76.1}{\376\377\000P\000r\000o\000b\000l\000e\000m\000\040\000S\000e\000t\000u\000p\000:\000\040\000I\000n\000t\000e\000r\000v\000a\000l\000\040\000S\000c\000h\000e\000d\000u\000l\000i\000n\000g\000\040\000/\000\040\000A\000c\000t\000i\000v\000i\000t\000y\000\040\000S\000e\000l\000e\000c\000t\000i\000o\000n}{section.76}% 383
\BOOKMARK [2][-]{subsection.76.2}{\376\377\000S\000o\000l\000u\000t\000i\000o\000n\000:\000\040\000E\000a\000r\000l\000i\000e\000s\000t\000-\000F\000i\000n\000i\000s\000h\000-\000T\000i\000m\000e\000-\000F\000i\000r\000s\000t\000\040\000A\000l\000g\000o\000r\000i\000t\000h\000m}{section.76}% 384
\BOOKMARK [3][-]{subsubsection.76.2.1}{\376\377\000P\000r\000o\000c\000e\000s\000s}{subsection.76.2}% 385
\BOOKMARK [2][-]{subsection.76.3}{\376\377\000C\000o\000m\000p\000l\000e\000x\000i\000t\000y\000\040\000A\000n\000a\000l\000y\000s\000i\000s}{section.76}% 386
\BOOKMARK [2][-]{subsection.76.4}{\376\377\000O\000p\000t\000i\000m\000a\000l\000i\000t\000y}{section.76}% 387
\BOOKMARK [1][-]{section.77}{\376\377\000I\000n\000t\000e\000r\000v\000a\000l\000\040\000P\000a\000r\000t\000i\000t\000i\000o\000n\000i\000n\000g\000\040\000P\000r\000o\000b\000l\000e\000m\000\040\000\050\000R\000e\000s\000o\000u\000r\000c\000e\000\040\000A\000l\000l\000o\000c\000a\000t\000i\000o\000n\000\051}{}% 388
\BOOKMARK [2][-]{subsection.77.1}{\376\377\000P\000r\000o\000b\000l\000e\000m\000\040\000S\000e\000t\000u\000p}{section.77}% 389
\BOOKMARK [2][-]{subsection.77.2}{\376\377\000A\000l\000g\000o\000r\000i\000t\000h\000m}{section.77}% 390
\BOOKMARK [2][-]{subsection.77.3}{\376\377\000C\000o\000m\000p\000l\000e\000x\000i\000t\000y\000\040\000A\000n\000a\000l\000y\000s\000i\000s}{section.77}% 391
\BOOKMARK [2][-]{subsection.77.4}{\376\377\000O\000p\000t\000i\000m\000a\000l\000i\000t\000y}{section.77}% 392
\BOOKMARK [2][-]{subsection.77.5}{\376\377\000S\000u\000m\000m\000a\000r\000y}{section.77}% 393
\BOOKMARK [1][-]{section.78}{\376\377\000G\000r\000e\000e\000d\000y\000\040\000A\000l\000g\000o\000r\000i\000t\000h\000m\000s\000\040\000o\000n\000\040\000G\000r\000a\000p\000h\000s}{}% 394
\BOOKMARK [1][-]{section.79}{\376\377\000D\000i\000j\000k\000s\000t\000r\000a\000'\000s\000\040\000A\000l\000g\000o\000r\000i\000t\000h\000m}{}% 395
\BOOKMARK [2][-]{subsection.79.1}{\376\377\000P\000r\000o\000b\000l\000e\000m\000\040\000S\000e\000t\000u\000p}{section.79}% 396
\BOOKMARK [2][-]{subsection.79.2}{\376\377\000A\000l\000g\000o\000r\000i\000t\000h\000m}{section.79}% 397
\BOOKMARK [2][-]{subsection.79.3}{\376\377\000C\000o\000r\000r\000e\000c\000t\000n\000e\000s\000s}{section.79}% 398
\BOOKMARK [2][-]{subsection.79.4}{\376\377\000E\000f\000f\000i\000c\000i\000e\000n\000c\000y\000\040\000a\000n\000d\000\040\000I\000m\000p\000l\000e\000m\000e\000n\000t\000a\000t\000i\000o\000n}{section.79}% 399
\BOOKMARK [2][-]{subsection.79.5}{\376\377\000S\000u\000m\000m\000a\000r\000y}{section.79}% 400
\BOOKMARK [1][-]{section.80}{\376\377\000C\000y\000c\000l\000e\000-\000C\000u\000t\000\040\000I\000n\000t\000e\000r\000s\000e\000c\000t\000i\000o\000n}{}% 401
\BOOKMARK [1][-]{section.81}{\376\377\000S\000p\000a\000n\000n\000i\000n\000g\000\040\000T\000r\000e\000e\000s\000\040\000a\000n\000d\000\040\000M\000i\000n\000i\000m\000u\000m\000\040\000S\000p\000a\000n\000n\000i\000n\000g\000\040\000T\000r\000e\000e\000s}{}% 402
\BOOKMARK [2][-]{subsection.81.1}{\376\377\000S\000p\000a\000n\000n\000i\000n\000g\000\040\000T\000r\000e\000e\000:\000\040\000G\000e\000n\000e\000r\000a\000l\000\040\000C\000h\000a\000r\000a\000c\000t\000e\000r\000i\000s\000t\000i\000c\000s}{section.81}% 403
\BOOKMARK [2][-]{subsection.81.2}{\376\377\000M\000i\000n\000i\000m\000u\000m\000\040\000S\000p\000a\000n\000n\000i\000n\000g\000\040\000T\000r\000e\000e\000\040\000\050\000M\000S\000T\000\051}{section.81}% 404
\BOOKMARK [2][-]{subsection.81.3}{\376\377\000F\000u\000n\000d\000a\000m\000e\000n\000t\000a\000l\000\040\000C\000y\000c\000l\000e}{section.81}% 405
\BOOKMARK [2][-]{subsection.81.4}{\376\377\000F\000u\000n\000d\000a\000m\000e\000n\000t\000a\000l\000\040\000C\000u\000t\000s\000e\000t}{section.81}% 406
\BOOKMARK [2][-]{subsection.81.5}{\376\377\000G\000r\000e\000e\000d\000y\000\040\000A\000l\000g\000o\000r\000i\000t\000h\000m\000\040\000t\000o\000\040\000F\000i\000n\000d\000\040\000M\000S\000T\000:\000\040\000R\000e\000d\000-\000B\000l\000u\000e\000\040\000R\000u\000l\000e\000s}{section.81}% 407
\BOOKMARK [2][-]{subsection.81.6}{\376\377\000P\000r\000i\000m\000'\000s\000\040\000A\000l\000g\000o\000r\000i\000t\000h\000m}{section.81}% 408
\BOOKMARK [2][-]{subsection.81.7}{\376\377\000K\000r\000u\000s\000k\000a\000l\000'\000s\000\040\000A\000l\000g\000o\000r\000i\000t\000h\000m}{section.81}% 409
\BOOKMARK [2][-]{subsection.81.8}{\376\377\000M\000S\000T\000s\000\040\000i\000n\000\040\000E\000x\000p\000e\000r\000i\000m\000e\000n\000t\000a\000l\000\040\000D\000e\000s\000i\000g\000n}{section.81}% 410
\BOOKMARK [2][-]{subsection.81.9}{\376\377\000S\000u\000m\000m\000a\000r\000y\000:\000\040\000M\000i\000n\000i\000m\000u\000m\000\040\000S\000p\000a\000n\000n\000i\000n\000g\000\040\000T\000r\000e\000e\000s}{section.81}% 411
\BOOKMARK [1][-]{section.82}{\376\377\000I\000n\000t\000r\000a\000c\000t\000a\000b\000i\000l\000i\000t\000y}{}% 412
\BOOKMARK [1][-]{section.83}{\376\377\000I\000n\000t\000r\000o\000d\000u\000c\000t\000i\000o\000n\000\040\000a\000n\000d\000\040\000M\000o\000t\000i\000v\000a\000t\000i\000o\000n}{}% 413
\BOOKMARK [2][-]{subsection.83.1}{\376\377\000C\000l\000a\000s\000s\000i\000f\000y\000i\000n\000g\000\040\000C\000o\000m\000p\000u\000t\000a\000t\000i\000o\000n\000a\000l\000\040\000P\000r\000o\000b\000l\000e\000m\000s}{section.83}% 414
\BOOKMARK [1][-]{section.84}{\376\377\000C\000o\000m\000p\000l\000e\000x\000i\000t\000y\000\040\000C\000l\000a\000s\000s\000\040\000P\000:\000\040\000P\000o\000l\000y\000n\000o\000m\000i\000a\000l\000-\000T\000i\000m\000e\000\040\000A\000l\000g\000o\000r\000i\000t\000h\000m\000s}{}% 415
\BOOKMARK [2][-]{subsection.84.1}{\376\377\000W\000h\000a\000t\000\040\000M\000a\000k\000e\000s\000\040\000P\000o\000l\000y\000n\000o\000m\000i\000a\000l\000\040\000T\000i\000m\000e\000\040\000`\000`\000E\000f\000f\000i\000c\000i\000e\000n\000t\000'\000'\000?}{section.84}% 416
\BOOKMARK [2][-]{subsection.84.2}{\376\377\000E\000a\000s\000y\000\040\000v\000s\000\040\000H\000a\000r\000d\000:\000\040\000A\000\040\000S\000u\000r\000p\000r\000i\000s\000i\000n\000g\000\040\000D\000i\000c\000h\000o\000t\000o\000m\000y}{section.84}% 417
\BOOKMARK [1][-]{section.85}{\376\377\000P\000o\000l\000y\000n\000o\000m\000i\000a\000l\000-\000T\000i\000m\000e\000\040\000R\000e\000d\000u\000c\000t\000i\000o\000n\000s}{}% 418
\BOOKMARK [2][-]{subsection.85.1}{\376\377\000T\000h\000e\000\040\000R\000e\000d\000u\000c\000t\000i\000o\000n\000\040\000P\000r\000o\000c\000e\000s\000s}{section.85}% 419
\BOOKMARK [2][-]{subsection.85.2}{\376\377\000U\000n\000d\000e\000r\000s\000t\000a\000n\000d\000i\000n\000g\000\040\000t\000h\000e\000\040\000D\000i\000r\000e\000c\000t\000i\000o\000n\000\040\000o\000f\000\040\000R\000e\000d\000u\000c\000t\000i\000o\000n\000s}{section.85}% 420
\BOOKMARK [2][-]{subsection.85.3}{\376\377\000P\000o\000l\000y\000n\000o\000m\000i\000a\000l\000\040\000E\000q\000u\000i\000v\000a\000l\000e\000n\000c\000e}{section.85}% 421
\BOOKMARK [1][-]{section.86}{\376\377\000C\000l\000a\000s\000s\000i\000c\000\040\000R\000e\000d\000u\000c\000t\000i\000o\000n\000s\000:\000\040\000V\000e\000r\000t\000e\000x\000\040\000C\000o\000v\000e\000r\000\040\000a\000n\000d\000\040\000I\000n\000d\000e\000p\000e\000n\000d\000e\000n\000t\000\040\000S\000e\000t}{}% 422
\BOOKMARK [2][-]{subsection.86.1}{\376\377\000I\000n\000d\000e\000p\000e\000n\000d\000e\000n\000t\000\040\000S\000e\000t}{section.86}% 423
\BOOKMARK [2][-]{subsection.86.2}{\376\377\000V\000e\000r\000t\000e\000x\000\040\000C\000o\000v\000e\000r}{section.86}% 424
\BOOKMARK [2][-]{subsection.86.3}{\376\377\000I\000n\000t\000u\000i\000t\000i\000v\000e\000\040\000C\000o\000m\000p\000a\000r\000i\000s\000o\000n}{section.86}% 425
\BOOKMARK [2][-]{subsection.86.4}{\376\377\000T\000h\000e\000\040\000C\000o\000m\000p\000l\000e\000m\000e\000n\000t\000\040\000R\000e\000l\000a\000t\000i\000o\000n\000s\000h\000i\000p}{section.86}% 426
\BOOKMARK [1][-]{section.87}{\376\377\000S\000e\000t\000\040\000C\000o\000v\000e\000r\000\040\000a\000n\000d\000\040\000I\000t\000s\000\040\000R\000e\000l\000a\000t\000i\000o\000n\000s\000h\000i\000p\000\040\000t\000o\000\040\000V\000e\000r\000t\000e\000x\000\040\000C\000o\000v\000e\000r}{}% 427
\BOOKMARK [2][-]{subsection.87.1}{\376\377\000T\000h\000e\000\040\000S\000e\000t\000\040\000C\000o\000v\000e\000r\000\040\000P\000r\000o\000b\000l\000e\000m}{section.87}% 428
\BOOKMARK [2][-]{subsection.87.2}{\376\377\000R\000e\000d\000u\000c\000t\000i\000o\000n\000:\000\040\000V\000e\000r\000t\000e\000x\000\040\000C\000o\000v\000e\000r\000\040\000p\000\040\000S\000e\000t\000\040\000C\000o\000v\000e\000r}{section.87}% 429
\BOOKMARK [1][-]{section.88}{\376\377\000S\000a\000t\000i\000s\000f\000i\000a\000b\000i\000l\000i\000t\000y\000\040\000a\000n\000d\000\040\000t\000h\000e\000\040\0003\000-\000S\000A\000T\000\040\000P\000r\000o\000b\000l\000e\000m}{}% 430
\BOOKMARK [2][-]{subsection.88.1}{\376\377\000P\000r\000e\000l\000i\000m\000i\000n\000a\000r\000i\000e\000s\000:\000\040\000B\000o\000o\000l\000e\000a\000n\000\040\000L\000o\000g\000i\000c}{section.88}% 431
\BOOKMARK [2][-]{subsection.88.2}{\376\377\000T\000h\000e\000\040\000S\000A\000T\000\040\000a\000n\000d\000\040\0003\000-\000S\000A\000T\000\040\000P\000r\000o\000b\000l\000e\000m\000s}{section.88}% 432
\BOOKMARK [2][-]{subsection.88.3}{\376\377\000R\000e\000d\000u\000c\000t\000i\000o\000n\000:\000\040\0003\000-\000S\000A\000T\000\040\000p\000\040\000I\000n\000d\000e\000p\000e\000n\000d\000e\000n\000t\000\040\000S\000e\000t}{section.88}% 433
\BOOKMARK [2][-]{subsection.88.4}{\376\377\000T\000r\000a\000n\000s\000i\000t\000i\000v\000i\000t\000y\000\040\000o\000f\000\040\000R\000e\000d\000u\000c\000t\000i\000o\000n\000s}{section.88}% 434
\BOOKMARK [1][-]{section.89}{\376\377\000R\000e\000d\000u\000c\000t\000i\000o\000n\000\040\000S\000t\000r\000a\000t\000e\000g\000i\000e\000s}{}% 435
\BOOKMARK [1][-]{section.90}{\376\377\000D\000e\000c\000i\000s\000i\000o\000n\000,\000\040\000S\000e\000a\000r\000c\000h\000,\000\040\000a\000n\000d\000\040\000O\000p\000t\000i\000m\000i\000s\000a\000t\000i\000o\000n\000\040\000P\000r\000o\000b\000l\000e\000m\000s}{}% 436
\BOOKMARK [1][-]{section.91}{\376\377\000C\000o\000m\000p\000l\000e\000x\000i\000t\000y\000\040\000C\000l\000a\000s\000s\000\040\000N\000P\000:\000\040\000E\000f\000f\000i\000c\000i\000e\000n\000t\000\040\000V\000e\000r\000i\000f\000i\000c\000a\000t\000i\000o\000n}{}% 437
\BOOKMARK [2][-]{subsection.91.1}{\376\377\000C\000e\000r\000t\000i\000f\000i\000c\000a\000t\000e\000s\000\040\000a\000n\000d\000\040\000V\000e\000r\000i\000f\000i\000c\000a\000t\000i\000o\000n}{section.91}% 438
\BOOKMARK [2][-]{subsection.91.2}{\376\377\000T\000h\000e\000\040\000C\000l\000a\000s\000s\000\040\000N\000P}{section.91}% 439
\BOOKMARK [2][-]{subsection.91.3}{\376\377\000E\000x\000a\000m\000p\000l\000e\000s\000\040\000o\000f\000\040\000P\000r\000o\000b\000l\000e\000m\000s\000\040\000i\000n\000\040\000N\000P}{section.91}% 440
\BOOKMARK [2][-]{subsection.91.4}{\376\377\000W\000h\000a\000t\000\040\000i\000s\000\040\000N\000O\000T\000\040\000i\000n\000\040\000N\000P\000?}{section.91}% 441
\BOOKMARK [1][-]{section.92}{\376\377\000P\000,\000\040\000N\000P\000,\000\040\000a\000n\000d\000\040\000E\000X\000P\000:\000\040\000T\000h\000e\000\040\000C\000o\000m\000p\000l\000e\000x\000i\000t\000y\000\040\000L\000a\000n\000d\000s\000c\000a\000p\000e}{}% 442
\BOOKMARK [2][-]{subsection.92.1}{\376\377\000T\000h\000e\000\040\000T\000h\000r\000e\000e\000\040\000M\000a\000i\000n\000\040\000C\000l\000a\000s\000s\000e\000s}{section.92}% 443
\BOOKMARK [2][-]{subsection.92.2}{\376\377\000K\000n\000o\000w\000n\000\040\000R\000e\000l\000a\000t\000i\000o\000n\000s\000h\000i\000p\000s}{section.92}% 444
\BOOKMARK [2][-]{subsection.92.3}{\376\377\000T\000h\000e\000\040\000P\000\040\000v\000s\000\040\000N\000P\000\040\000Q\000u\000e\000s\000t\000i\000o\000n}{section.92}% 445
\BOOKMARK [1][-]{section.93}{\376\377\000N\000P\000-\000C\000o\000m\000p\000l\000e\000t\000e\000n\000e\000s\000s\000:\000\040\000T\000h\000e\000\040\000H\000a\000r\000d\000e\000s\000t\000\040\000P\000r\000o\000b\000l\000e\000m\000s\000\040\000i\000n\000\040\000N\000P}{}% 446
\BOOKMARK [2][-]{subsection.93.1}{\376\377\000D\000e\000f\000i\000n\000i\000t\000i\000o\000n}{section.93}% 447
\BOOKMARK [2][-]{subsection.93.2}{\376\377\000T\000h\000e\000\040\000C\000o\000o\000k\000-\000L\000e\000v\000i\000n\000\040\000T\000h\000e\000o\000r\000e\000m}{section.93}% 448
\BOOKMARK [2][-]{subsection.93.3}{\376\377\000E\000x\000a\000m\000p\000l\000e\000s\000\040\000o\000f\000\040\000N\000P\000-\000C\000o\000m\000p\000l\000e\000t\000e\000\040\000P\000r\000o\000b\000l\000e\000m\000s}{section.93}% 449
\BOOKMARK [1][-]{section.94}{\376\377\000N\000P\000-\000H\000a\000r\000d\000:\000\040\000B\000e\000y\000o\000n\000d\000\040\000N\000P}{}% 450
\BOOKMARK [2][-]{subsection.94.1}{\376\377\000T\000h\000e\000\040\000L\000a\000n\000d\000s\000c\000a\000p\000e\000\040\000o\000f\000\040\000H\000a\000r\000d\000\040\000P\000r\000o\000b\000l\000e\000m\000s}{section.94}% 451
\BOOKMARK [1][-]{section.95}{\376\377\000C\000o\000p\000i\000n\000g\000\040\000w\000i\000t\000h\000\040\000N\000P\000-\000C\000o\000m\000p\000l\000e\000t\000e\000\040\000P\000r\000o\000b\000l\000e\000m\000s}{}% 452
\BOOKMARK [2][-]{subsection.95.1}{\376\377\000A\000p\000p\000r\000o\000x\000i\000m\000a\000t\000i\000o\000n\000\040\000A\000l\000g\000o\000r\000i\000t\000h\000m\000s}{section.95}% 453
\BOOKMARK [2][-]{subsection.95.2}{\376\377\000H\000e\000u\000r\000i\000s\000t\000i\000c\000s\000\040\000a\000n\000d\000\040\000M\000e\000t\000a\000h\000e\000u\000r\000i\000s\000t\000i\000c\000s}{section.95}% 454
\BOOKMARK [2][-]{subsection.95.3}{\376\377\000S\000p\000e\000c\000i\000a\000l\000\040\000C\000a\000s\000e\000s\000\040\000a\000n\000d\000\040\000P\000r\000o\000b\000l\000e\000m\000\040\000S\000t\000r\000u\000c\000t\000u\000r\000e}{section.95}% 455
\BOOKMARK [2][-]{subsection.95.4}{\376\377\000E\000x\000p\000o\000n\000e\000n\000t\000i\000a\000l\000\040\000A\000l\000g\000o\000r\000i\000t\000h\000m\000s\000\040\000D\000o\000n\000e\000\040\000W\000e\000l\000l}{section.95}% 456
\BOOKMARK [2][-]{subsection.95.5}{\376\377\000C\000o\000n\000n\000e\000c\000t\000i\000o\000n\000\040\000t\000o\000\040\000M\000a\000c\000h\000i\000n\000e\000\040\000L\000e\000a\000r\000n\000i\000n\000g}{section.95}% 457
\BOOKMARK [1][-]{section.96}{\376\377\000S\000u\000m\000m\000a\000r\000y}{}% 458
